0 verbose cli C:\Program Files\nodejs\node.exe C:\Program Files\nodejs\node_modules\npm\bin\npm-cli.js
1 info using npm@10.5.0
2 info using node@v21.7.1
3 timing npm:load:whichnode Completed in 2ms
4 timing config:load:defaults Completed in 1ms
5 timing config:load:file:C:\Program Files\nodejs\node_modules\npm\npmrc Completed in 4ms
6 timing config:load:builtin Completed in 5ms
7 timing config:load:cli Completed in 1ms
8 timing config:load:env Completed in 1ms
9 timing config:load:file:C:\fhannan\cms\ygwebfe\my-ygweb\.npmrc Completed in 1ms
10 timing config:load:project Completed in 2ms
11 timing config:load:file:C:\Users\fayeq\.npmrc Completed in 0ms
12 timing config:load:user Completed in 0ms
13 timing config:load:file:C:\Users\fayeq\AppData\Roaming\npm\etc\npmrc Completed in 1ms
14 timing config:load:global Completed in 1ms
15 timing config:load:setEnvs Completed in 1ms
16 timing config:load Completed in 12ms
17 timing npm:load:configload Completed in 12ms
18 timing config:load:flatten Completed in 1ms
19 timing npm:load:mkdirpcache Completed in 1ms
20 timing npm:load:mkdirplogs Completed in 0ms
21 verbose title npm install tailwindcss postcss autoprefixer
22 verbose argv "install" "--save-dev" "tailwindcss" "postcss" "autoprefixer"
23 timing npm:load:setTitle Completed in 1ms
24 timing npm:load:display Completed in 1ms
25 verbose logfile logs-max:10 dir:C:\fhannan\cms\ygwebfe\my-ygweb\UsersfayeqAppDataLocalnpm-cache\_logs\2024-11-23T06_44_08_516Z-
26 verbose logfile C:\fhannan\cms\ygwebfe\my-ygweb\UsersfayeqAppDataLocalnpm-cache\_logs\2024-11-23T06_44_08_516Z-debug-0.log
27 timing npm:load:logFile Completed in 7ms
28 timing npm:load:timers Completed in 0ms
29 timing npm:load:configScope Completed in 0ms
30 timing npm:load Completed in 41ms
31 timing arborist:ctor Completed in 0ms
32 silly logfile done cleaning log files
33 timing idealTree:init Completed in 20ms
34 timing idealTree:userRequests Completed in 1ms
35 silly idealTree buildDeps
36 silly fetch manifest tailwindcss@*
37 timing arborist:ctor Completed in 0ms
38 http fetch GET 200 https://registry.npmjs.org/tailwindcss 460ms (cache miss)
39 silly fetch manifest postcss@*
40 http fetch GET 200 https://registry.npmjs.org/postcss 92ms (cache miss)
41 silly fetch manifest autoprefixer@*
42 http fetch GET 200 https://registry.npmjs.org/autoprefixer 88ms (cache miss)
43 silly placeDep ROOT autoprefixer@10.4.20 OK for:  want: *
44 silly placeDep ROOT postcss@8.4.49 REPLACE for:  want: *
45 silly placeDep ROOT tailwindcss@3.4.15 OK for:  want: *
46 silly fetch manifest browserslist@^4.23.3
47 silly fetch manifest fraction.js@^4.3.7
48 silly fetch manifest normalize-range@^0.1.2
49 silly fetch manifest postcss-value-parser@^4.2.0
50 silly fetch manifest arg@^5.0.2
51 silly fetch manifest dlv@^1.1.3
52 silly fetch manifest jiti@^1.21.6
53 silly fetch manifest is-glob@^4.0.3
54 silly fetch manifest resolve@^1.22.8
55 silly fetch manifest sucrase@^3.35.0
56 silly fetch manifest chokidar@^3.6.0
57 http fetch GET 200 https://registry.npmjs.org/browserslist 87ms (cache miss)
58 silly fetch manifest fast-glob@^3.3.2
59 http fetch GET 200 https://registry.npmjs.org/fast-glob 82ms (cache miss)
60 silly fetch manifest lilconfig@^2.1.0
61 http fetch GET 200 https://registry.npmjs.org/postcss-value-parser 179ms (cache miss)
62 silly fetch manifest didyoumean@^1.2.2
63 http fetch GET 200 https://registry.npmjs.org/jiti 196ms (cache miss)
64 silly fetch manifest micromatch@^4.0.8
65 http fetch GET 200 https://registry.npmjs.org/normalize-range 215ms (cache miss)
66 silly fetch manifest postcss-js@^4.0.1
67 http fetch GET 200 https://registry.npmjs.org/is-glob 218ms (cache miss)
68 silly fetch manifest glob-parent@^6.0.2
69 http fetch GET 200 https://registry.npmjs.org/fraction.js 225ms (cache miss)
70 silly fetch manifest object-hash@^3.0.0
71 http fetch GET 200 https://registry.npmjs.org/arg 229ms (cache miss)
72 silly fetch manifest normalize-path@^3.0.0
73 http fetch GET 200 https://registry.npmjs.org/resolve 231ms (cache miss)
74 silly fetch manifest postcss-import@^15.1.0
75 http fetch GET 200 https://registry.npmjs.org/dlv 239ms (cache miss)
76 silly fetch manifest postcss-nested@^6.2.0
77 http fetch GET 200 https://registry.npmjs.org/lilconfig 70ms (cache miss)
78 silly fetch manifest @alloc/quick-lru@^5.2.0
79 http fetch GET 200 https://registry.npmjs.org/sucrase 248ms (cache miss)
80 silly fetch manifest postcss-load-config@^4.0.2
81 http fetch GET 200 https://registry.npmjs.org/didyoumean 85ms (cache miss)
82 silly fetch manifest postcss-selector-parser@^6.1.2
83 http fetch GET 200 https://registry.npmjs.org/micromatch 82ms (cache miss)
84 http fetch GET 200 https://registry.npmjs.org/object-hash 68ms (cache miss)
85 http fetch GET 200 https://registry.npmjs.org/glob-parent 76ms (cache miss)
86 http fetch GET 200 https://registry.npmjs.org/normalize-path 68ms (cache miss)
87 http fetch GET 200 https://registry.npmjs.org/postcss-js 85ms (cache miss)
88 http fetch GET 200 https://registry.npmjs.org/postcss-nested 81ms (cache miss)
89 http fetch GET 200 https://registry.npmjs.org/postcss-load-config 69ms (cache miss)
90 http fetch GET 200 https://registry.npmjs.org/postcss-import 91ms (cache miss)
91 http fetch GET 200 https://registry.npmjs.org/@alloc%2fquick-lru 86ms (cache miss)
92 http fetch GET 200 https://registry.npmjs.org/postcss-selector-parser 67ms (cache miss)
93 http fetch GET 200 https://registry.npmjs.org/chokidar 1326ms (cache miss)
94 timing idealTree:#root Completed in 2033ms
95 silly placeDep ROOT browserslist@4.24.2 OK for: autoprefixer@10.4.20 want: ^4.23.3
96 silly placeDep ROOT fraction.js@4.3.7 OK for: autoprefixer@10.4.20 want: ^4.3.7
97 silly placeDep ROOT normalize-range@0.1.2 OK for: autoprefixer@10.4.20 want: ^0.1.2
98 silly placeDep ROOT postcss-value-parser@4.2.0 OK for: autoprefixer@10.4.20 want: ^4.2.0
99 silly fetch manifest electron-to-chromium@^1.5.41
100 silly fetch manifest node-releases@^2.0.18
101 silly fetch manifest update-browserslist-db@^1.1.1
102 http fetch GET 200 https://registry.npmjs.org/node-releases 75ms (cache miss)
103 http fetch GET 200 https://registry.npmjs.org/update-browserslist-db 92ms (cache miss)
104 http fetch GET 200 https://registry.npmjs.org/electron-to-chromium 196ms (cache miss)
105 timing idealTree:node_modules/autoprefixer Completed in 219ms
106 silly fetch manifest browserslist@>= 4.21.0
107 silly placeDep ROOT electron-to-chromium@1.5.64 OK for: browserslist@4.24.2 want: ^1.5.41
108 silly placeDep ROOT node-releases@2.0.18 OK for: browserslist@4.24.2 want: ^2.0.18
109 silly placeDep ROOT update-browserslist-db@1.1.1 OK for: browserslist@4.24.2 want: ^1.1.1
110 silly fetch manifest escalade@^3.2.0
111 http fetch GET 200 https://registry.npmjs.org/escalade 88ms (cache miss)
112 timing idealTree:node_modules/browserslist Completed in 94ms
113 timing idealTree:node_modules/electron-to-chromium Completed in 0ms
114 timing idealTree:node_modules/fraction.js Completed in 0ms
115 silly fetch manifest postcss@8.4.31
116 silly placeDep node_modules/next postcss@8.4.31 OK for: next@15.0.3 want: 8.4.31
117 timing idealTree:node_modules/next Completed in 2ms
118 timing idealTree:node_modules/node-releases Completed in 0ms
119 timing idealTree:node_modules/normalize-range Completed in 0ms
120 timing idealTree:node_modules/postcss Completed in 0ms
121 timing idealTree:node_modules/postcss-value-parser Completed in 0ms
122 silly fetch manifest postcss@^8.4.47
123 silly fetch manifest ts-node@>=9.0.0
124 http fetch GET 200 https://registry.npmjs.org/ts-node 92ms (cache miss)
125 silly fetch manifest @swc/core@>=1.2.50
126 http fetch GET 200 https://registry.npmjs.org/@swc%2fcore 174ms (cache miss)
127 silly fetch manifest @swc/helpers@*
128 http fetch GET 200 https://registry.npmjs.org/@swc%2fhelpers 102ms (cache miss)
129 silly fetch manifest @swc/wasm@>=1.2.50
130 http fetch GET 200 https://registry.npmjs.org/@swc%2fwasm 95ms (cache miss)
131 silly fetch manifest @types/node@*
132 http fetch GET 200 https://registry.npmjs.org/@types%2fnode 316ms (cache miss)
133 silly fetch manifest typescript@>=2.7
134 http fetch GET 200 https://registry.npmjs.org/typescript 366ms (cache miss)
135 silly placeDep ROOT @alloc/quick-lru@5.2.0 OK for: tailwindcss@3.4.15 want: ^5.2.0
136 silly placeDep ROOT arg@5.0.2 OK for: tailwindcss@3.4.15 want: ^5.0.2
137 silly placeDep ROOT chokidar@3.6.0 OK for: tailwindcss@3.4.15 want: ^3.6.0
138 silly placeDep ROOT didyoumean@1.2.2 OK for: tailwindcss@3.4.15 want: ^1.2.2
139 silly placeDep ROOT dlv@1.1.3 OK for: tailwindcss@3.4.15 want: ^1.1.3
140 silly placeDep ROOT fast-glob@3.3.2 OK for: tailwindcss@3.4.15 want: ^3.3.2
141 silly placeDep ROOT glob-parent@6.0.2 OK for: tailwindcss@3.4.15 want: ^6.0.2
142 silly placeDep ROOT is-glob@4.0.3 OK for: tailwindcss@3.4.15 want: ^4.0.3
143 silly placeDep ROOT jiti@1.21.6 OK for: tailwindcss@3.4.15 want: ^1.21.6
144 silly placeDep ROOT lilconfig@2.1.0 OK for: tailwindcss@3.4.15 want: ^2.1.0
145 silly placeDep ROOT micromatch@4.0.8 OK for: tailwindcss@3.4.15 want: ^4.0.8
146 silly placeDep ROOT normalize-path@3.0.0 OK for: tailwindcss@3.4.15 want: ^3.0.0
147 silly placeDep ROOT object-hash@3.0.0 OK for: tailwindcss@3.4.15 want: ^3.0.0
148 silly placeDep ROOT postcss-import@15.1.0 OK for: tailwindcss@3.4.15 want: ^15.1.0
149 silly placeDep ROOT postcss-js@4.0.1 OK for: tailwindcss@3.4.15 want: ^4.0.1
150 silly placeDep ROOT postcss-load-config@4.0.2 OK for: tailwindcss@3.4.15 want: ^4.0.2
151 silly placeDep ROOT postcss-nested@6.2.0 OK for: tailwindcss@3.4.15 want: ^6.2.0
152 silly placeDep ROOT postcss-selector-parser@6.1.2 OK for: tailwindcss@3.4.15 want: ^6.1.2
153 silly placeDep ROOT resolve@1.22.8 OK for: tailwindcss@3.4.15 want: ^1.22.8
154 silly placeDep ROOT sucrase@3.35.0 OK for: tailwindcss@3.4.15 want: ^3.35.0
155 silly fetch manifest braces@~3.0.2
156 silly fetch manifest is-glob@~4.0.1
157 silly fetch manifest anymatch@~3.1.2
158 silly fetch manifest readdirp@~3.6.0
159 silly fetch manifest glob-parent@~5.1.2
160 silly fetch manifest is-binary-path@~2.1.0
161 silly fetch manifest normalize-path@~3.0.0
162 silly fetch manifest fsevents@~2.3.2
163 silly fetch manifest @nodelib/fs.stat@^2.0.2
164 silly fetch manifest @nodelib/fs.walk@^1.2.3
165 silly fetch manifest glob-parent@^5.1.2
166 silly fetch manifest merge2@^1.3.0
167 silly fetch manifest micromatch@^4.0.4
168 silly fetch manifest is-extglob@^2.1.1
169 silly fetch manifest braces@^3.0.3
170 silly fetch manifest picomatch@^2.3.1
171 http fetch GET 200 https://registry.npmjs.org/is-binary-path 58ms (cache miss)
172 silly fetch manifest read-cache@^1.0.0
173 http fetch GET 200 https://registry.npmjs.org/fsevents 64ms (cache miss)
174 silly fetch manifest resolve@^1.1.7
175 silly fetch manifest camelcase-css@^2.0.1
176 http fetch GET 200 https://registry.npmjs.org/anymatch 69ms (cache miss)
177 silly fetch manifest yaml@^2.3.4
178 http fetch GET 200 https://registry.npmjs.org/is-extglob 71ms (cache miss)
179 silly fetch manifest lilconfig@^3.0.0
180 silly fetch manifest postcss-selector-parser@^6.1.1
181 silly fetch manifest cssesc@^3.0.0
182 http fetch GET 200 https://registry.npmjs.org/merge2 76ms (cache miss)
183 silly fetch manifest util-deprecate@^1.0.2
184 http fetch GET 200 https://registry.npmjs.org/braces 83ms (cache miss)
185 silly fetch manifest is-core-module@^2.13.0
186 http fetch GET 200 https://registry.npmjs.org/picomatch 84ms (cache miss)
187 silly fetch manifest path-parse@^1.0.7
188 http fetch GET 200 https://registry.npmjs.org/@nodelib%2ffs.walk 89ms (cache miss)
189 silly fetch manifest supports-preserve-symlinks-flag@^1.0.0
190 http fetch GET 200 https://registry.npmjs.org/readdirp 91ms (cache miss)
191 silly fetch manifest @jridgewell/gen-mapping@^0.3.2
192 http fetch GET 200 https://registry.npmjs.org/braces 105ms (cache miss)
193 silly fetch manifest commander@^4.0.0
194 http fetch GET 200 https://registry.npmjs.org/camelcase-css 64ms (cache miss)
195 silly fetch manifest glob@^10.3.10
196 http fetch GET 200 https://registry.npmjs.org/read-cache 76ms (cache miss)
197 silly fetch manifest lines-and-columns@^1.1.6
198 http fetch GET 200 https://registry.npmjs.org/cssesc 66ms (cache miss)
199 silly fetch manifest mz@^2.7.0
200 http fetch GET 200 https://registry.npmjs.org/util-deprecate 70ms (cache miss)
201 silly fetch manifest pirates@^4.0.1
202 http fetch GET 200 https://registry.npmjs.org/yaml 82ms (cache miss)
203 silly fetch manifest ts-interface-checker@^0.1.9
204 http fetch GET 200 https://registry.npmjs.org/supports-preserve-symlinks-flag 65ms (cache miss)
205 http fetch GET 200 https://registry.npmjs.org/is-core-module 79ms (cache miss)
206 http fetch GET 200 https://registry.npmjs.org/path-parse 75ms (cache miss)
207 http fetch GET 200 https://registry.npmjs.org/@jridgewell%2fgen-mapping 76ms (cache miss)
208 http fetch GET 200 https://registry.npmjs.org/lines-and-columns 74ms (cache miss)
209 http fetch GET 200 https://registry.npmjs.org/mz 69ms (cache miss)
210 http fetch GET 200 https://registry.npmjs.org/ts-interface-checker 59ms (cache miss)
211 http fetch GET 200 https://registry.npmjs.org/glob 88ms (cache miss)
212 http fetch GET 200 https://registry.npmjs.org/pirates 73ms (cache miss)
213 http fetch GET 200 https://registry.npmjs.org/commander 125ms (cache miss)
214 http fetch GET 200 https://registry.npmjs.org/@nodelib%2ffs.stat 291ms (cache miss)
215 timing idealTree:node_modules/tailwindcss Completed in 1611ms
216 timing idealTree:node_modules/@alloc/quick-lru Completed in 0ms
217 timing idealTree:node_modules/arg Completed in 0ms
218 silly placeDep ROOT anymatch@3.1.3 OK for: chokidar@3.6.0 want: ~3.1.2
219 silly placeDep ROOT braces@3.0.3 OK for: chokidar@3.6.0 want: ~3.0.2
220 silly placeDep ROOT fsevents@2.3.3 OK for: chokidar@3.6.0 want: ~2.3.2
221 silly placeDep node_modules/chokidar glob-parent@5.1.2 OK for: chokidar@3.6.0 want: ~5.1.2
222 silly placeDep ROOT is-binary-path@2.1.0 OK for: chokidar@3.6.0 want: ~2.1.0
223 silly placeDep ROOT readdirp@3.6.0 OK for: chokidar@3.6.0 want: ~3.6.0
224 silly fetch manifest picomatch@^2.0.4
225 silly fetch manifest fill-range@^7.1.1
226 silly fetch manifest binary-extensions@^2.0.0
227 silly fetch manifest picomatch@^2.2.1
228 http fetch GET 200 https://registry.npmjs.org/fill-range 95ms (cache miss)
229 http fetch GET 200 https://registry.npmjs.org/binary-extensions 96ms (cache miss)
230 timing idealTree:node_modules/chokidar Completed in 107ms
231 silly placeDep ROOT picomatch@2.3.1 OK for: anymatch@3.1.3 want: ^2.0.4
232 timing idealTree:node_modules/anymatch Completed in 1ms
233 silly placeDep ROOT fill-range@7.1.1 OK for: braces@3.0.3 want: ^7.1.1
234 silly fetch manifest to-regex-range@^5.0.1
235 http fetch GET 200 https://registry.npmjs.org/to-regex-range 75ms (cache miss)
236 timing idealTree:node_modules/braces Completed in 77ms
237 timing idealTree:node_modules/didyoumean Completed in 0ms
238 timing idealTree:node_modules/dlv Completed in 0ms
239 silly placeDep ROOT @nodelib/fs.stat@2.0.5 OK for: fast-glob@3.3.2 want: ^2.0.2
240 silly placeDep ROOT @nodelib/fs.walk@1.2.8 OK for: fast-glob@3.3.2 want: ^1.2.3
241 silly placeDep node_modules/fast-glob glob-parent@5.1.2 OK for: fast-glob@3.3.2 want: ^5.1.2
242 silly placeDep ROOT merge2@1.4.1 OK for: fast-glob@3.3.2 want: ^1.3.0
243 silly fetch manifest @nodelib/fs.scandir@2.1.5
244 silly fetch manifest fastq@^1.6.0
245 http fetch GET 200 https://registry.npmjs.org/@nodelib%2ffs.scandir 79ms (cache miss)
246 http fetch GET 200 https://registry.npmjs.org/fastq 80ms (cache miss)
247 timing idealTree:node_modules/fast-glob Completed in 83ms
248 timing idealTree:node_modules/@nodelib/fs.stat Completed in 0ms
249 silly placeDep ROOT @nodelib/fs.scandir@2.1.5 OK for: @nodelib/fs.walk@1.2.8 want: 2.1.5
250 silly placeDep ROOT fastq@1.17.1 OK for: @nodelib/fs.walk@1.2.8 want: ^1.6.0
251 silly fetch manifest run-parallel@^1.1.9
252 silly fetch manifest reusify@^1.0.4
253 http fetch GET 200 https://registry.npmjs.org/run-parallel 58ms (cache miss)
254 http fetch GET 200 https://registry.npmjs.org/reusify 67ms (cache miss)
255 timing idealTree:node_modules/@nodelib/fs.walk Completed in 70ms
256 silly placeDep ROOT run-parallel@1.2.0 OK for: @nodelib/fs.scandir@2.1.5 want: ^1.1.9
257 silly fetch manifest queue-microtask@^1.2.2
258 http fetch GET 200 https://registry.npmjs.org/queue-microtask 100ms (cache miss)
259 timing idealTree:node_modules/@nodelib/fs.scandir Completed in 102ms
260 silly placeDep ROOT reusify@1.0.4 OK for: fastq@1.17.1 want: ^1.0.4
261 timing idealTree:node_modules/fastq Completed in 0ms
262 silly placeDep ROOT to-regex-range@5.0.1 OK for: fill-range@7.1.1 want: ^5.0.1
263 silly fetch manifest is-number@^7.0.0
264 http fetch GET 200 https://registry.npmjs.org/is-number 70ms (cache miss)
265 timing idealTree:node_modules/fill-range Completed in 73ms
266 timing idealTree:node_modules/fsevents Completed in 0ms
267 timing idealTree:node_modules/glob-parent Completed in 0ms
268 silly placeDep ROOT binary-extensions@2.3.0 OK for: is-binary-path@2.1.0 want: ^2.0.0
269 timing idealTree:node_modules/is-binary-path Completed in 2ms
270 timing idealTree:node_modules/binary-extensions Completed in 0ms
271 silly placeDep ROOT is-extglob@2.1.1 OK for: is-glob@4.0.3 want: ^2.1.1
272 timing idealTree:node_modules/is-glob Completed in 1ms
273 timing idealTree:node_modules/is-extglob Completed in 0ms
274 timing idealTree:node_modules/jiti Completed in 0ms
275 timing idealTree:node_modules/lilconfig Completed in 0ms
276 timing idealTree:node_modules/merge2 Completed in 0ms
277 timing idealTree:node_modules/micromatch Completed in 0ms
278 timing idealTree:node_modules/normalize-path Completed in 0ms
279 timing idealTree:node_modules/object-hash Completed in 0ms
280 timing idealTree:node_modules/picomatch Completed in 0ms
281 silly placeDep ROOT read-cache@1.0.0 OK for: postcss-import@15.1.0 want: ^1.0.0
282 silly fetch manifest pify@^2.3.0
283 http fetch GET 200 https://registry.npmjs.org/pify 57ms (cache miss)
284 timing idealTree:node_modules/postcss-import Completed in 61ms
285 silly placeDep ROOT camelcase-css@2.0.1 OK for: postcss-js@4.0.1 want: ^2.0.1
286 timing idealTree:node_modules/postcss-js Completed in 2ms
287 timing idealTree:node_modules/camelcase-css Completed in 0ms
288 silly placeDep node_modules/postcss-load-config lilconfig@3.1.2 OK for: postcss-load-config@4.0.2 want: ^3.0.0
289 silly placeDep ROOT yaml@2.6.1 OK for: postcss-load-config@4.0.2 want: ^2.3.4
290 timing idealTree:node_modules/postcss-load-config Completed in 2ms
291 timing idealTree:node_modules/postcss-nested Completed in 0ms
292 silly placeDep ROOT cssesc@3.0.0 OK for: postcss-selector-parser@6.1.2 want: ^3.0.0
293 silly placeDep ROOT util-deprecate@1.0.2 OK for: postcss-selector-parser@6.1.2 want: ^1.0.2
294 timing idealTree:node_modules/postcss-selector-parser Completed in 1ms
295 timing idealTree:node_modules/cssesc Completed in 1ms
296 silly placeDep ROOT pify@2.3.0 OK for: read-cache@1.0.0 want: ^2.3.0
297 timing idealTree:node_modules/read-cache Completed in 0ms
298 timing idealTree:node_modules/pify Completed in 0ms
299 timing idealTree:node_modules/readdirp Completed in 0ms
300 silly placeDep ROOT is-core-module@2.15.1 OK for: resolve@1.22.8 want: ^2.13.0
301 silly placeDep ROOT path-parse@1.0.7 OK for: resolve@1.22.8 want: ^1.0.7
302 silly placeDep ROOT supports-preserve-symlinks-flag@1.0.0 OK for: resolve@1.22.8 want: ^1.0.0
303 silly fetch manifest hasown@^2.0.2
304 http fetch GET 200 https://registry.npmjs.org/hasown 97ms (cache miss)
305 timing idealTree:node_modules/resolve Completed in 100ms
306 silly placeDep ROOT hasown@2.0.2 OK for: is-core-module@2.15.1 want: ^2.0.2
307 silly fetch manifest function-bind@^1.1.2
308 http fetch GET 200 https://registry.npmjs.org/function-bind 77ms (cache miss)
309 timing idealTree:node_modules/is-core-module Completed in 80ms
310 silly placeDep ROOT function-bind@1.1.2 OK for: hasown@2.0.2 want: ^1.1.2
311 timing idealTree:node_modules/hasown Completed in 2ms
312 timing idealTree:node_modules/function-bind Completed in 0ms
313 timing idealTree:node_modules/path-parse Completed in 0ms
314 timing idealTree:node_modules/reusify Completed in 0ms
315 silly placeDep ROOT queue-microtask@1.2.3 OK for: run-parallel@1.2.0 want: ^1.2.2
316 timing idealTree:node_modules/run-parallel Completed in 1ms
317 timing idealTree:node_modules/queue-microtask Completed in 0ms
318 silly placeDep ROOT @jridgewell/gen-mapping@0.3.5 OK for: sucrase@3.35.0 want: ^0.3.2
319 silly placeDep ROOT commander@4.1.1 OK for: sucrase@3.35.0 want: ^4.0.0
320 silly placeDep ROOT glob@10.4.5 OK for: sucrase@3.35.0 want: ^10.3.10
321 silly placeDep ROOT lines-and-columns@1.2.4 OK for: sucrase@3.35.0 want: ^1.1.6
322 silly placeDep ROOT mz@2.7.0 OK for: sucrase@3.35.0 want: ^2.7.0
323 silly placeDep ROOT pirates@4.0.6 OK for: sucrase@3.35.0 want: ^4.0.1
324 silly placeDep ROOT ts-interface-checker@0.1.13 OK for: sucrase@3.35.0 want: ^0.1.9
325 silly fetch manifest @jridgewell/set-array@^1.2.1
326 silly fetch manifest @jridgewell/trace-mapping@^0.3.24
327 silly fetch manifest @jridgewell/sourcemap-codec@^1.4.10
328 silly fetch manifest minipass@^7.1.2
329 silly fetch manifest jackspeak@^3.1.2
330 silly fetch manifest minimatch@^9.0.4
331 silly fetch manifest path-scurry@^1.11.1
332 silly fetch manifest foreground-child@^3.1.0
333 silly fetch manifest package-json-from-dist@^1.0.0
334 silly fetch manifest any-promise@^1.0.0
335 silly fetch manifest object-assign@^4.0.1
336 http fetch GET 200 https://registry.npmjs.org/package-json-from-dist 71ms (cache miss)
337 silly fetch manifest thenify-all@^1.0.0
338 http fetch GET 200 https://registry.npmjs.org/object-assign 72ms (cache miss)
339 http fetch GET 200 https://registry.npmjs.org/jackspeak 79ms (cache miss)
340 http fetch GET 200 https://registry.npmjs.org/any-promise 81ms (cache miss)
341 http fetch GET 200 https://registry.npmjs.org/path-scurry 87ms (cache miss)
342 http fetch GET 200 https://registry.npmjs.org/foreground-child 88ms (cache miss)
343 http fetch GET 200 https://registry.npmjs.org/minimatch 90ms (cache miss)
344 http fetch GET 200 https://registry.npmjs.org/minipass 96ms (cache miss)
345 http fetch GET 200 https://registry.npmjs.org/@jridgewell%2ftrace-mapping 104ms (cache miss)
346 http fetch GET 200 https://registry.npmjs.org/thenify-all 68ms (cache miss)
347 http fetch GET 200 https://registry.npmjs.org/@jridgewell%2fset-array 312ms (cache miss)
348 http fetch GET 200 https://registry.npmjs.org/@jridgewell%2fsourcemap-codec 312ms (cache miss)
349 timing idealTree:node_modules/sucrase Completed in 321ms
350 silly placeDep ROOT @jridgewell/set-array@1.2.1 OK for: @jridgewell/gen-mapping@0.3.5 want: ^1.2.1
351 silly placeDep ROOT @jridgewell/sourcemap-codec@1.5.0 OK for: @jridgewell/gen-mapping@0.3.5 want: ^1.4.10
352 silly placeDep ROOT @jridgewell/trace-mapping@0.3.25 OK for: @jridgewell/gen-mapping@0.3.5 want: ^0.3.24
353 silly fetch manifest @jridgewell/resolve-uri@^3.1.0
354 http fetch GET 200 https://registry.npmjs.org/@jridgewell%2fresolve-uri 298ms (cache miss)
355 timing idealTree:node_modules/@jridgewell/gen-mapping Completed in 301ms
356 timing idealTree:node_modules/@jridgewell/set-array Completed in 0ms
357 timing idealTree:node_modules/@jridgewell/sourcemap-codec Completed in 0ms
358 silly placeDep ROOT @jridgewell/resolve-uri@3.1.2 OK for: @jridgewell/trace-mapping@0.3.25 want: ^3.1.0
359 timing idealTree:node_modules/@jridgewell/trace-mapping Completed in 1ms
360 timing idealTree:node_modules/@jridgewell/resolve-uri Completed in 0ms
361 timing idealTree:node_modules/commander Completed in 0ms
362 silly placeDep ROOT foreground-child@3.3.0 OK for: glob@10.4.5 want: ^3.1.0
363 silly placeDep ROOT jackspeak@3.4.3 OK for: glob@10.4.5 want: ^3.1.2
364 silly placeDep ROOT minimatch@9.0.5 OK for: glob@10.4.5 want: ^9.0.4
365 silly placeDep ROOT minipass@7.1.2 OK for: glob@10.4.5 want: ^7.1.2
366 silly placeDep ROOT package-json-from-dist@1.0.1 OK for: glob@10.4.5 want: ^1.0.0
367 silly placeDep ROOT path-scurry@1.11.1 OK for: glob@10.4.5 want: ^1.11.1
368 silly fetch manifest cross-spawn@^7.0.0
369 silly fetch manifest signal-exit@^4.0.1
370 silly fetch manifest @isaacs/cliui@^8.0.2
371 silly fetch manifest @pkgjs/parseargs@^0.11.0
372 silly fetch manifest brace-expansion@^2.0.1
373 silly fetch manifest lru-cache@^10.2.0
374 http fetch GET 200 https://registry.npmjs.org/cross-spawn 64ms (cache miss)
375 http fetch GET 200 https://registry.npmjs.org/brace-expansion 65ms (cache miss)
376 http fetch GET 200 https://registry.npmjs.org/signal-exit 69ms (cache miss)
377 http fetch GET 200 https://registry.npmjs.org/lru-cache 78ms (cache miss)
378 http fetch GET 200 https://registry.npmjs.org/@isaacs%2fcliui 310ms (cache miss)
379 http fetch GET 200 https://registry.npmjs.org/@pkgjs%2fparseargs 311ms (cache miss)
380 timing idealTree:node_modules/glob Completed in 316ms
381 silly placeDep ROOT cross-spawn@7.0.6 OK for: foreground-child@3.3.0 want: ^7.0.0
382 silly placeDep ROOT signal-exit@4.1.0 OK for: foreground-child@3.3.0 want: ^4.0.1
383 silly fetch manifest which@^2.0.1
384 silly fetch manifest path-key@^3.1.0
385 silly fetch manifest shebang-command@^2.0.0
386 http fetch GET 200 https://registry.npmjs.org/shebang-command 71ms (cache miss)
387 http fetch GET 200 https://registry.npmjs.org/which 74ms (cache miss)
388 http fetch GET 200 https://registry.npmjs.org/path-key 82ms (cache miss)
389 timing idealTree:node_modules/foreground-child Completed in 84ms
390 silly placeDep ROOT path-key@3.1.1 OK for: cross-spawn@7.0.6 want: ^3.1.0
391 silly placeDep ROOT shebang-command@2.0.0 OK for: cross-spawn@7.0.6 want: ^2.0.0
392 silly placeDep ROOT which@2.0.2 OK for: cross-spawn@7.0.6 want: ^2.0.1
393 silly fetch manifest shebang-regex@^3.0.0
394 silly fetch manifest isexe@^2.0.0
395 http fetch GET 200 https://registry.npmjs.org/shebang-regex 55ms (cache miss)
396 http fetch GET 200 https://registry.npmjs.org/isexe 62ms (cache miss)
397 timing idealTree:node_modules/cross-spawn Completed in 65ms
398 silly placeDep ROOT @isaacs/cliui@8.0.2 OK for: jackspeak@3.4.3 want: ^8.0.2
399 silly placeDep ROOT @pkgjs/parseargs@0.11.0 OK for: jackspeak@3.4.3 want: ^0.11.0
400 silly fetch manifest string-width@^5.1.2
401 silly fetch manifest string-width-cjs@npm:string-width@^4.2.0
402 silly fetch manifest strip-ansi@^7.0.1
403 silly fetch manifest strip-ansi-cjs@npm:strip-ansi@^6.0.1
404 silly fetch manifest wrap-ansi@^8.1.0
405 silly fetch manifest wrap-ansi-cjs@npm:wrap-ansi@^7.0.0
406 http fetch GET 200 https://registry.npmjs.org/strip-ansi 80ms (cache miss)
407 http fetch GET 200 https://registry.npmjs.org/string-width 82ms (cache miss)
408 http fetch GET 200 https://registry.npmjs.org/strip-ansi 82ms (cache miss)
409 http fetch GET 200 https://registry.npmjs.org/wrap-ansi 83ms (cache miss)
410 http fetch GET 200 https://registry.npmjs.org/wrap-ansi 84ms (cache miss)
411 http fetch GET 200 https://registry.npmjs.org/string-width 86ms (cache miss)
412 timing idealTree:node_modules/jackspeak Completed in 90ms
413 silly placeDep ROOT string-width@5.1.2 OK for: @isaacs/cliui@8.0.2 want: ^5.1.2
414 silly placeDep ROOT string-width-cjs@4.2.3 OK for: @isaacs/cliui@8.0.2 want: npm:string-width@^4.2.0
415 silly placeDep ROOT strip-ansi@7.1.0 OK for: @isaacs/cliui@8.0.2 want: ^7.0.1
416 silly placeDep ROOT strip-ansi-cjs@6.0.1 OK for: @isaacs/cliui@8.0.2 want: npm:strip-ansi@^6.0.1
417 silly placeDep ROOT wrap-ansi@8.1.0 OK for: @isaacs/cliui@8.0.2 want: ^8.1.0
418 silly placeDep ROOT wrap-ansi-cjs@7.0.0 OK for: @isaacs/cliui@8.0.2 want: npm:wrap-ansi@^7.0.0
419 silly fetch manifest emoji-regex@^9.2.2
420 silly fetch manifest eastasianwidth@^0.2.0
421 silly fetch manifest strip-ansi@^6.0.1
422 silly fetch manifest emoji-regex@^8.0.0
423 silly fetch manifest is-fullwidth-code-point@^3.0.0
424 silly fetch manifest ansi-regex@^6.0.1
425 silly fetch manifest ansi-regex@^5.0.1
426 silly fetch manifest ansi-styles@^6.1.0
427 silly fetch manifest ansi-styles@^4.0.0
428 silly fetch manifest string-width@^4.1.0
429 silly fetch manifest strip-ansi@^6.0.0
430 http fetch GET 200 https://registry.npmjs.org/is-fullwidth-code-point 69ms (cache miss)
431 http fetch GET 200 https://registry.npmjs.org/emoji-regex 74ms (cache miss)
432 http fetch GET 200 https://registry.npmjs.org/emoji-regex 76ms (cache miss)
433 http fetch GET 200 https://registry.npmjs.org/eastasianwidth 78ms (cache miss)
434 http fetch GET 200 https://registry.npmjs.org/ansi-regex 77ms (cache miss)
435 http fetch GET 200 https://registry.npmjs.org/ansi-regex 78ms (cache miss)
436 http fetch GET 200 https://registry.npmjs.org/ansi-styles 80ms (cache miss)
437 http fetch GET 200 https://registry.npmjs.org/ansi-styles 81ms (cache miss)
438 timing idealTree:node_modules/@isaacs/cliui Completed in 88ms
439 timing idealTree:node_modules/@pkgjs/parseargs Completed in 0ms
440 timing idealTree:node_modules/lines-and-columns Completed in 0ms
441 silly placeDep ROOT brace-expansion@2.0.1 OK for: minimatch@9.0.5 want: ^2.0.1
442 silly fetch manifest balanced-match@^1.0.0
443 http fetch GET 200 https://registry.npmjs.org/balanced-match 66ms (cache miss)
444 timing idealTree:node_modules/minimatch Completed in 68ms
445 silly placeDep ROOT balanced-match@1.0.2 OK for: brace-expansion@2.0.1 want: ^1.0.0
446 timing idealTree:node_modules/brace-expansion Completed in 1ms
447 timing idealTree:node_modules/balanced-match Completed in 0ms
448 timing idealTree:node_modules/minipass Completed in 0ms
449 silly placeDep ROOT any-promise@1.3.0 OK for: mz@2.7.0 want: ^1.0.0
450 silly placeDep ROOT object-assign@4.1.1 OK for: mz@2.7.0 want: ^4.0.1
451 silly placeDep ROOT thenify-all@1.6.0 OK for: mz@2.7.0 want: ^1.0.0
452 silly fetch manifest thenify@>= 3.1.0 < 4
453 http fetch GET 200 https://registry.npmjs.org/thenify 59ms (cache miss)
454 timing idealTree:node_modules/mz Completed in 62ms
455 timing idealTree:node_modules/any-promise Completed in 0ms
456 timing idealTree:node_modules/object-assign Completed in 0ms
457 timing idealTree:node_modules/package-json-from-dist Completed in 0ms
458 timing idealTree:node_modules/path-key Completed in 0ms
459 silly placeDep ROOT lru-cache@10.4.3 OK for: path-scurry@1.11.1 want: ^10.2.0
460 timing idealTree:node_modules/path-scurry Completed in 1ms
461 timing idealTree:node_modules/lru-cache Completed in 1ms
462 timing idealTree:node_modules/pirates Completed in 0ms
463 silly placeDep ROOT shebang-regex@3.0.0 OK for: shebang-command@2.0.0 want: ^3.0.0
464 timing idealTree:node_modules/shebang-command Completed in 1ms
465 timing idealTree:node_modules/shebang-regex Completed in 0ms
466 timing idealTree:node_modules/signal-exit Completed in 0ms
467 silly placeDep ROOT eastasianwidth@0.2.0 OK for: string-width@5.1.2 want: ^0.2.0
468 silly placeDep ROOT emoji-regex@9.2.2 OK for: string-width@5.1.2 want: ^9.2.2
469 timing idealTree:node_modules/string-width Completed in 1ms
470 timing idealTree:node_modules/eastasianwidth Completed in 1ms
471 timing idealTree:node_modules/emoji-regex Completed in 0ms
472 silly placeDep node_modules/string-width-cjs emoji-regex@8.0.0 OK for: string-width@4.2.3 want: ^8.0.0
473 silly placeDep ROOT is-fullwidth-code-point@3.0.0 OK for: string-width@4.2.3 want: ^3.0.0
474 silly placeDep node_modules/string-width-cjs strip-ansi@6.0.1 OK for: string-width@4.2.3 want: ^6.0.1
475 timing idealTree:node_modules/string-width-cjs Completed in 2ms
476 timing idealTree:node_modules/is-fullwidth-code-point Completed in 0ms
477 silly placeDep ROOT ansi-regex@6.1.0 OK for: strip-ansi@7.1.0 want: ^6.0.1
478 timing idealTree:node_modules/strip-ansi Completed in 1ms
479 timing idealTree:node_modules/ansi-regex Completed in 0ms
480 silly placeDep node_modules/strip-ansi-cjs ansi-regex@5.0.1 OK for: strip-ansi@6.0.1 want: ^5.0.1
481 timing idealTree:node_modules/strip-ansi-cjs Completed in 0ms
482 timing idealTree:node_modules/supports-preserve-symlinks-flag Completed in 0ms
483 silly placeDep ROOT thenify@3.3.1 OK for: thenify-all@1.6.0 want: >= 3.1.0 < 4
484 timing idealTree:node_modules/thenify-all Completed in 1ms
485 timing idealTree:node_modules/thenify Completed in 0ms
486 silly placeDep ROOT is-number@7.0.0 OK for: to-regex-range@5.0.1 want: ^7.0.0
487 timing idealTree:node_modules/to-regex-range Completed in 1ms
488 timing idealTree:node_modules/is-number Completed in 0ms
489 timing idealTree:node_modules/ts-interface-checker Completed in 0ms
490 silly placeDep ROOT escalade@3.2.0 OK for: update-browserslist-db@1.1.1 want: ^3.2.0
491 timing idealTree:node_modules/update-browserslist-db Completed in 0ms
492 timing idealTree:node_modules/escalade Completed in 0ms
493 timing idealTree:node_modules/util-deprecate Completed in 0ms
494 silly placeDep ROOT isexe@2.0.0 OK for: which@2.0.2 want: ^2.0.0
495 timing idealTree:node_modules/which Completed in 1ms
496 timing idealTree:node_modules/isexe Completed in 0ms
497 silly placeDep ROOT ansi-styles@6.2.1 OK for: wrap-ansi@8.1.0 want: ^6.1.0
498 timing idealTree:node_modules/wrap-ansi Completed in 1ms
499 timing idealTree:node_modules/ansi-styles Completed in 0ms
500 silly placeDep node_modules/wrap-ansi-cjs ansi-styles@4.3.0 OK for: wrap-ansi@7.0.0 want: ^4.0.0
501 silly placeDep node_modules/wrap-ansi-cjs string-width@4.2.3 OK for: wrap-ansi@7.0.0 want: ^4.1.0
502 silly placeDep node_modules/wrap-ansi-cjs strip-ansi@6.0.1 OK for: wrap-ansi@7.0.0 want: ^6.0.0
503 timing idealTree:node_modules/wrap-ansi-cjs Completed in 2ms
504 timing idealTree:node_modules/yaml Completed in 0ms
505 timing idealTree:node_modules/chokidar/node_modules/glob-parent Completed in 0ms
506 timing idealTree:node_modules/fast-glob/node_modules/glob-parent Completed in 0ms
507 timing idealTree:node_modules/next/node_modules/postcss Completed in 0ms
508 timing idealTree:node_modules/postcss-load-config/node_modules/lilconfig Completed in 0ms
509 timing idealTree:node_modules/string-width-cjs/node_modules/emoji-regex Completed in 0ms
510 silly placeDep node_modules/string-width-cjs ansi-regex@5.0.1 OK for: strip-ansi@6.0.1 want: ^5.0.1
511 timing idealTree:node_modules/string-width-cjs/node_modules/strip-ansi Completed in 1ms
512 timing idealTree:node_modules/string-width-cjs/node_modules/ansi-regex Completed in 0ms
513 timing idealTree:node_modules/strip-ansi-cjs/node_modules/ansi-regex Completed in 0ms
514 timing idealTree:node_modules/wrap-ansi-cjs/node_modules/ansi-styles Completed in 0ms
515 silly placeDep node_modules/wrap-ansi-cjs emoji-regex@8.0.0 OK for: string-width@4.2.3 want: ^8.0.0
516 timing idealTree:node_modules/wrap-ansi-cjs/node_modules/string-width Completed in 1ms
517 timing idealTree:node_modules/wrap-ansi-cjs/node_modules/emoji-regex Completed in 0ms
518 silly placeDep node_modules/wrap-ansi-cjs ansi-regex@5.0.1 OK for: strip-ansi@6.0.1 want: ^5.0.1
519 timing idealTree:node_modules/wrap-ansi-cjs/node_modules/strip-ansi Completed in 0ms
520 timing idealTree:node_modules/wrap-ansi-cjs/node_modules/ansi-regex Completed in 0ms
521 timing idealTree:buildDeps Completed in 6143ms
522 timing idealTree:fixDepFlags Completed in 0ms
523 timing idealTree Completed in 6166ms
524 timing reify:loadTrees Completed in 6168ms
525 timing reify:diffTrees Completed in 2ms
526 silly reify mark retired [ 'C:\\fhannan\\cms\\ygwebfe\\my-ygweb\\node_modules\\postcss' ]
527 silly reify moves {
527 silly reify   'C:\\fhannan\\cms\\ygwebfe\\my-ygweb\\node_modules\\postcss': 'C:\\fhannan\\cms\\ygwebfe\\my-ygweb\\node_modules\\.postcss-ETUvxAqX'
527 silly reify }
528 timing reify:retireShallow Completed in 3ms
529 timing reify:createSparse Completed in 18ms
530 timing reify:loadBundles Completed in 0ms
531 silly audit bulk request {
531 silly audit   '@emnapi/runtime': [ '1.3.1' ],
531 silly audit   '@img/sharp-darwin-arm64': [ '0.33.5' ],
531 silly audit   '@img/sharp-darwin-x64': [ '0.33.5' ],
531 silly audit   '@img/sharp-libvips-darwin-arm64': [ '1.0.4' ],
531 silly audit   '@img/sharp-libvips-darwin-x64': [ '1.0.4' ],
531 silly audit   '@img/sharp-libvips-linux-arm': [ '1.0.5' ],
531 silly audit   '@img/sharp-libvips-linux-arm64': [ '1.0.4' ],
531 silly audit   '@img/sharp-libvips-linux-s390x': [ '1.0.4' ],
531 silly audit   '@img/sharp-libvips-linux-x64': [ '1.0.4' ],
531 silly audit   '@img/sharp-libvips-linuxmusl-arm64': [ '1.0.4' ],
531 silly audit   '@img/sharp-libvips-linuxmusl-x64': [ '1.0.4' ],
531 silly audit   '@img/sharp-linux-arm': [ '0.33.5' ],
531 silly audit   '@img/sharp-linux-arm64': [ '0.33.5' ],
531 silly audit   '@img/sharp-linux-s390x': [ '0.33.5' ],
531 silly audit   '@img/sharp-linux-x64': [ '0.33.5' ],
531 silly audit   '@img/sharp-linuxmusl-arm64': [ '0.33.5' ],
531 silly audit   '@img/sharp-linuxmusl-x64': [ '0.33.5' ],
531 silly audit   '@img/sharp-wasm32': [ '0.33.5' ],
531 silly audit   '@img/sharp-win32-ia32': [ '0.33.5' ],
531 silly audit   '@img/sharp-win32-x64': [ '0.33.5' ],
531 silly audit   '@next/env': [ '15.0.3' ],
531 silly audit   '@next/swc-darwin-arm64': [ '15.0.3' ],
531 silly audit   '@next/swc-darwin-x64': [ '15.0.3' ],
531 silly audit   '@next/swc-linux-arm64-gnu': [ '15.0.3' ],
531 silly audit   '@next/swc-linux-arm64-musl': [ '15.0.3' ],
531 silly audit   '@next/swc-linux-x64-gnu': [ '15.0.3' ],
531 silly audit   '@next/swc-linux-x64-musl': [ '15.0.3' ],
531 silly audit   '@next/swc-win32-arm64-msvc': [ '15.0.3' ],
531 silly audit   '@next/swc-win32-x64-msvc': [ '15.0.3' ],
531 silly audit   '@swc/counter': [ '0.1.3' ],
531 silly audit   '@swc/helpers': [ '0.5.13' ],
531 silly audit   busboy: [ '1.6.0' ],
531 silly audit   'caniuse-lite': [ '1.0.30001683' ],
531 silly audit   'client-only': [ '0.0.1' ],
531 silly audit   color: [ '4.2.3' ],
531 silly audit   'color-convert': [ '2.0.1' ],
531 silly audit   'color-name': [ '1.1.4' ],
531 silly audit   'color-string': [ '1.9.1' ],
531 silly audit   'detect-libc': [ '2.0.3' ],
531 silly audit   'is-arrayish': [ '0.3.2' ],
531 silly audit   'js-tokens': [ '4.0.0' ],
531 silly audit   'loose-envify': [ '1.4.0' ],
531 silly audit   nanoid: [ '3.3.7' ],
531 silly audit   next: [ '15.0.3' ],
531 silly audit   picocolors: [ '1.1.1' ],
531 silly audit   react: [ '18.2.0' ],
531 silly audit   'react-dom': [ '18.2.0' ],
531 silly audit   scheduler: [ '0.23.2' ],
531 silly audit   semver: [ '7.6.3' ],
531 silly audit   sharp: [ '0.33.5' ],
531 silly audit   'simple-swizzle': [ '0.2.2' ],
531 silly audit   'source-map-js': [ '1.2.1' ],
531 silly audit   streamsearch: [ '1.1.0' ],
531 silly audit   'styled-jsx': [ '5.1.6' ],
531 silly audit   tslib: [ '2.8.1' ],
531 silly audit   autoprefixer: [ '10.4.20' ],
531 silly audit   postcss: [ '8.4.49', '8.4.31' ],
531 silly audit   tailwindcss: [ '3.4.15' ],
531 silly audit   browserslist: [ '4.24.2' ],
531 silly audit   'fraction.js': [ '4.3.7' ],
531 silly audit   'normalize-range': [ '0.1.2' ],
531 silly audit   'postcss-value-parser': [ '4.2.0' ],
531 silly audit   'electron-to-chromium': [ '1.5.64' ],
531 silly audit   'node-releases': [ '2.0.18' ],
531 silly audit   'update-browserslist-db': [ '1.1.1' ],
531 silly audit   '@alloc/quick-lru': [ '5.2.0' ],
531 silly audit   arg: [ '5.0.2' ],
531 silly audit   chokidar: [ '3.6.0' ],
531 silly audit   didyoumean: [ '1.2.2' ],
531 silly audit   dlv: [ '1.1.3' ],
531 silly audit   'fast-glob': [ '3.3.2' ],
531 silly audit   'glob-parent': [ '6.0.2', '5.1.2' ],
531 silly audit   'is-glob': [ '4.0.3' ],
531 silly audit   jiti: [ '1.21.6' ],
531 silly audit   lilconfig: [ '2.1.0', '3.1.2' ],
531 silly audit   micromatch: [ '4.0.8' ],
531 silly audit   'normalize-path': [ '3.0.0' ],
531 silly audit   'object-hash': [ '3.0.0' ],
531 silly audit   'postcss-import': [ '15.1.0' ],
531 silly audit   'postcss-js': [ '4.0.1' ],
531 silly audit   'postcss-load-config': [ '4.0.2' ],
531 silly audit   'postcss-nested': [ '6.2.0' ],
531 silly audit   'postcss-selector-parser': [ '6.1.2' ],
531 silly audit   resolve: [ '1.22.8' ],
531 silly audit   sucrase: [ '3.35.0' ],
531 silly audit   anymatch: [ '3.1.3' ],
531 silly audit   braces: [ '3.0.3' ],
531 silly audit   fsevents: [ '2.3.3' ],
531 silly audit   'is-binary-path': [ '2.1.0' ],
531 silly audit   readdirp: [ '3.6.0' ],
531 silly audit   picomatch: [ '2.3.1' ],
531 silly audit   'fill-range': [ '7.1.1' ],
531 silly audit   '@nodelib/fs.stat': [ '2.0.5' ],
531 silly audit   '@nodelib/fs.walk': [ '1.2.8' ],
531 silly audit   merge2: [ '1.4.1' ],
531 silly audit   '@nodelib/fs.scandir': [ '2.1.5' ],
531 silly audit   fastq: [ '1.17.1' ],
531 silly audit   'run-parallel': [ '1.2.0' ],
531 silly audit   reusify: [ '1.0.4' ],
531 silly audit   'to-regex-range': [ '5.0.1' ],
531 silly audit   'binary-extensions': [ '2.3.0' ],
531 silly audit   'is-extglob': [ '2.1.1' ],
531 silly audit   'read-cache': [ '1.0.0' ],
531 silly audit   'camelcase-css': [ '2.0.1' ],
531 silly audit   yaml: [ '2.6.1' ],
531 silly audit   cssesc: [ '3.0.0' ],
531 silly audit   'util-deprecate': [ '1.0.2' ],
531 silly audit   pify: [ '2.3.0' ],
531 silly audit   'is-core-module': [ '2.15.1' ],
531 silly audit   'path-parse': [ '1.0.7' ],
531 silly audit   'supports-preserve-symlinks-flag': [ '1.0.0' ],
531 silly audit   hasown: [ '2.0.2' ],
531 silly audit   'function-bind': [ '1.1.2' ],
531 silly audit   'queue-microtask': [ '1.2.3' ],
531 silly audit   '@jridgewell/gen-mapping': [ '0.3.5' ],
531 silly audit   commander: [ '4.1.1' ],
531 silly audit   glob: [ '10.4.5' ],
531 silly audit   'lines-and-columns': [ '1.2.4' ],
531 silly audit   mz: [ '2.7.0' ],
531 silly audit   pirates: [ '4.0.6' ],
531 silly audit   'ts-interface-checker': [ '0.1.13' ],
531 silly audit   '@jridgewell/set-array': [ '1.2.1' ],
531 silly audit   '@jridgewell/sourcemap-codec': [ '1.5.0' ],
531 silly audit   '@jridgewell/trace-mapping': [ '0.3.25' ],
531 silly audit   '@jridgewell/resolve-uri': [ '3.1.2' ],
531 silly audit   'foreground-child': [ '3.3.0' ],
531 silly audit   jackspeak: [ '3.4.3' ],
531 silly audit   minimatch: [ '9.0.5' ],
531 silly audit   minipass: [ '7.1.2' ],
531 silly audit   'package-json-from-dist': [ '1.0.1' ],
531 silly audit   'path-scurry': [ '1.11.1' ],
531 silly audit   'cross-spawn': [ '7.0.6' ],
531 silly audit   'signal-exit': [ '4.1.0' ],
531 silly audit   'path-key': [ '3.1.1' ],
531 silly audit   'shebang-command': [ '2.0.0' ],
531 silly audit   which: [ '2.0.2' ],
531 silly audit   '@isaacs/cliui': [ '8.0.2' ],
531 silly audit   '@pkgjs/parseargs': [ '0.11.0' ],
531 silly audit   'string-width': [ '5.1.2', '4.2.3' ],
531 silly audit   'strip-ansi': [ '7.1.0', '6.0.1' ],
531 silly audit   'wrap-ansi': [ '8.1.0', '7.0.0' ],
531 silly audit   'brace-expansion': [ '2.0.1' ],
531 silly audit   'balanced-match': [ '1.0.2' ],
531 silly audit   'any-promise': [ '1.3.0' ],
531 silly audit   'object-assign': [ '4.1.1' ],
531 silly audit   'thenify-all': [ '1.6.0' ],
531 silly audit   'lru-cache': [ '10.4.3' ],
531 silly audit   'shebang-regex': [ '3.0.0' ],
531 silly audit   eastasianwidth: [ '0.2.0' ],
531 silly audit   'emoji-regex': [ '9.2.2', '8.0.0' ],
531 silly audit   'is-fullwidth-code-point': [ '3.0.0' ],
531 silly audit   'ansi-regex': [ '6.1.0', '5.0.1' ],
531 silly audit   thenify: [ '3.3.1' ],
531 silly audit   'is-number': [ '7.0.0' ],
531 silly audit   escalade: [ '3.2.0' ],
531 silly audit   isexe: [ '2.0.0' ],
531 silly audit   'ansi-styles': [ '6.2.1', '4.3.0' ]
531 silly audit }
532 verbose reify failed optional dependency C:\fhannan\cms\ygwebfe\my-ygweb\node_modules\fsevents
533 silly reify mark deleted [ 'C:\\fhannan\\cms\\ygwebfe\\my-ygweb\\node_modules\\fsevents' ]
534 verbose reify failed optional dependency C:\fhannan\cms\ygwebfe\my-ygweb\node_modules\@next\swc-win32-arm64-msvc
535 silly reify mark deleted [
535 silly reify   'C:\\fhannan\\cms\\ygwebfe\\my-ygweb\\node_modules\\@next\\swc-win32-arm64-msvc'
535 silly reify ]
536 verbose reify failed optional dependency C:\fhannan\cms\ygwebfe\my-ygweb\node_modules\@next\swc-linux-x64-musl
537 silly reify mark deleted [
537 silly reify   'C:\\fhannan\\cms\\ygwebfe\\my-ygweb\\node_modules\\@next\\swc-linux-x64-musl'
537 silly reify ]
538 verbose reify failed optional dependency C:\fhannan\cms\ygwebfe\my-ygweb\node_modules\@next\swc-linux-x64-gnu
539 silly reify mark deleted [
539 silly reify   'C:\\fhannan\\cms\\ygwebfe\\my-ygweb\\node_modules\\@next\\swc-linux-x64-gnu'
539 silly reify ]
540 verbose reify failed optional dependency C:\fhannan\cms\ygwebfe\my-ygweb\node_modules\@next\swc-linux-arm64-musl
541 silly reify mark deleted [
541 silly reify   'C:\\fhannan\\cms\\ygwebfe\\my-ygweb\\node_modules\\@next\\swc-linux-arm64-musl'
541 silly reify ]
542 verbose reify failed optional dependency C:\fhannan\cms\ygwebfe\my-ygweb\node_modules\@next\swc-linux-arm64-gnu
543 silly reify mark deleted [
543 silly reify   'C:\\fhannan\\cms\\ygwebfe\\my-ygweb\\node_modules\\@next\\swc-linux-arm64-gnu'
543 silly reify ]
544 verbose reify failed optional dependency C:\fhannan\cms\ygwebfe\my-ygweb\node_modules\@next\swc-darwin-x64
545 silly reify mark deleted [
545 silly reify   'C:\\fhannan\\cms\\ygwebfe\\my-ygweb\\node_modules\\@next\\swc-darwin-x64'
545 silly reify ]
546 verbose reify failed optional dependency C:\fhannan\cms\ygwebfe\my-ygweb\node_modules\@next\swc-darwin-arm64
547 silly reify mark deleted [
547 silly reify   'C:\\fhannan\\cms\\ygwebfe\\my-ygweb\\node_modules\\@next\\swc-darwin-arm64'
547 silly reify ]
548 verbose reify failed optional dependency C:\fhannan\cms\ygwebfe\my-ygweb\node_modules\@img\sharp-win32-ia32
549 silly reify mark deleted [
549 silly reify   'C:\\fhannan\\cms\\ygwebfe\\my-ygweb\\node_modules\\@img\\sharp-win32-ia32'
549 silly reify ]
550 verbose reify failed optional dependency C:\fhannan\cms\ygwebfe\my-ygweb\node_modules\@img\sharp-wasm32
551 silly reify mark deleted [
551 silly reify   'C:\\fhannan\\cms\\ygwebfe\\my-ygweb\\node_modules\\@img\\sharp-wasm32'
551 silly reify ]
552 verbose reify failed optional dependency C:\fhannan\cms\ygwebfe\my-ygweb\node_modules\@emnapi\runtime
553 silly reify mark deleted [
553 silly reify   'C:\\fhannan\\cms\\ygwebfe\\my-ygweb\\node_modules\\@emnapi\\runtime'
553 silly reify ]
554 verbose reify failed optional dependency C:\fhannan\cms\ygwebfe\my-ygweb\node_modules\@img\sharp-linuxmusl-x64
555 silly reify mark deleted [
555 silly reify   'C:\\fhannan\\cms\\ygwebfe\\my-ygweb\\node_modules\\@img\\sharp-linuxmusl-x64'
555 silly reify ]
556 verbose reify failed optional dependency C:\fhannan\cms\ygwebfe\my-ygweb\node_modules\@img\sharp-linuxmusl-arm64
557 silly reify mark deleted [
557 silly reify   'C:\\fhannan\\cms\\ygwebfe\\my-ygweb\\node_modules\\@img\\sharp-linuxmusl-arm64'
557 silly reify ]
558 verbose reify failed optional dependency C:\fhannan\cms\ygwebfe\my-ygweb\node_modules\@img\sharp-linux-x64
559 silly reify mark deleted [
559 silly reify   'C:\\fhannan\\cms\\ygwebfe\\my-ygweb\\node_modules\\@img\\sharp-linux-x64'
559 silly reify ]
560 verbose reify failed optional dependency C:\fhannan\cms\ygwebfe\my-ygweb\node_modules\@img\sharp-linux-s390x
561 silly reify mark deleted [
561 silly reify   'C:\\fhannan\\cms\\ygwebfe\\my-ygweb\\node_modules\\@img\\sharp-linux-s390x'
561 silly reify ]
562 verbose reify failed optional dependency C:\fhannan\cms\ygwebfe\my-ygweb\node_modules\@img\sharp-linux-arm64
563 silly reify mark deleted [
563 silly reify   'C:\\fhannan\\cms\\ygwebfe\\my-ygweb\\node_modules\\@img\\sharp-linux-arm64'
563 silly reify ]
564 verbose reify failed optional dependency C:\fhannan\cms\ygwebfe\my-ygweb\node_modules\@img\sharp-linux-arm
565 silly reify mark deleted [
565 silly reify   'C:\\fhannan\\cms\\ygwebfe\\my-ygweb\\node_modules\\@img\\sharp-linux-arm'
565 silly reify ]
566 verbose reify failed optional dependency C:\fhannan\cms\ygwebfe\my-ygweb\node_modules\@img\sharp-libvips-linuxmusl-x64
567 silly reify mark deleted [
567 silly reify   'C:\\fhannan\\cms\\ygwebfe\\my-ygweb\\node_modules\\@img\\sharp-libvips-linuxmusl-x64'
567 silly reify ]
568 verbose reify failed optional dependency C:\fhannan\cms\ygwebfe\my-ygweb\node_modules\@img\sharp-libvips-linuxmusl-arm64
569 silly reify mark deleted [
569 silly reify   'C:\\fhannan\\cms\\ygwebfe\\my-ygweb\\node_modules\\@img\\sharp-libvips-linuxmusl-arm64'
569 silly reify ]
570 verbose reify failed optional dependency C:\fhannan\cms\ygwebfe\my-ygweb\node_modules\@img\sharp-libvips-linux-x64
571 silly reify mark deleted [
571 silly reify   'C:\\fhannan\\cms\\ygwebfe\\my-ygweb\\node_modules\\@img\\sharp-libvips-linux-x64'
571 silly reify ]
572 verbose reify failed optional dependency C:\fhannan\cms\ygwebfe\my-ygweb\node_modules\@img\sharp-libvips-linux-s390x
573 silly reify mark deleted [
573 silly reify   'C:\\fhannan\\cms\\ygwebfe\\my-ygweb\\node_modules\\@img\\sharp-libvips-linux-s390x'
573 silly reify ]
574 verbose reify failed optional dependency C:\fhannan\cms\ygwebfe\my-ygweb\node_modules\@img\sharp-libvips-linux-arm64
575 silly reify mark deleted [
575 silly reify   'C:\\fhannan\\cms\\ygwebfe\\my-ygweb\\node_modules\\@img\\sharp-libvips-linux-arm64'
575 silly reify ]
576 verbose reify failed optional dependency C:\fhannan\cms\ygwebfe\my-ygweb\node_modules\@img\sharp-libvips-linux-arm
577 silly reify mark deleted [
577 silly reify   'C:\\fhannan\\cms\\ygwebfe\\my-ygweb\\node_modules\\@img\\sharp-libvips-linux-arm'
577 silly reify ]
578 verbose reify failed optional dependency C:\fhannan\cms\ygwebfe\my-ygweb\node_modules\@img\sharp-libvips-darwin-x64
579 silly reify mark deleted [
579 silly reify   'C:\\fhannan\\cms\\ygwebfe\\my-ygweb\\node_modules\\@img\\sharp-libvips-darwin-x64'
579 silly reify ]
580 verbose reify failed optional dependency C:\fhannan\cms\ygwebfe\my-ygweb\node_modules\@img\sharp-libvips-darwin-arm64
581 silly reify mark deleted [
581 silly reify   'C:\\fhannan\\cms\\ygwebfe\\my-ygweb\\node_modules\\@img\\sharp-libvips-darwin-arm64'
581 silly reify ]
582 verbose reify failed optional dependency C:\fhannan\cms\ygwebfe\my-ygweb\node_modules\@img\sharp-darwin-x64
583 silly reify mark deleted [
583 silly reify   'C:\\fhannan\\cms\\ygwebfe\\my-ygweb\\node_modules\\@img\\sharp-darwin-x64'
583 silly reify ]
584 verbose reify failed optional dependency C:\fhannan\cms\ygwebfe\my-ygweb\node_modules\@img\sharp-darwin-arm64
585 silly reify mark deleted [
585 silly reify   'C:\\fhannan\\cms\\ygwebfe\\my-ygweb\\node_modules\\@img\\sharp-darwin-arm64'
585 silly reify ]
586 timing reifyNode:node_modules/fsevents Completed in 11ms
587 timing reifyNode:node_modules/@next/swc-win32-arm64-msvc Completed in 10ms
588 timing reifyNode:node_modules/@next/swc-linux-x64-musl Completed in 10ms
589 timing reifyNode:node_modules/@next/swc-linux-x64-gnu Completed in 10ms
590 timing reifyNode:node_modules/@next/swc-linux-arm64-musl Completed in 10ms
591 timing reifyNode:node_modules/@next/swc-linux-arm64-gnu Completed in 10ms
592 timing reifyNode:node_modules/@next/swc-darwin-x64 Completed in 10ms
593 timing reifyNode:node_modules/@next/swc-darwin-arm64 Completed in 10ms
594 timing reifyNode:node_modules/@img/sharp-win32-ia32 Completed in 10ms
595 timing reifyNode:node_modules/@img/sharp-wasm32 Completed in 10ms
596 timing reifyNode:node_modules/@img/sharp-linuxmusl-x64 Completed in 10ms
597 timing reifyNode:node_modules/@img/sharp-linuxmusl-arm64 Completed in 10ms
598 timing reifyNode:node_modules/@img/sharp-linux-x64 Completed in 10ms
599 timing reifyNode:node_modules/@img/sharp-linux-s390x Completed in 10ms
600 timing reifyNode:node_modules/@img/sharp-linux-arm64 Completed in 10ms
601 timing reifyNode:node_modules/@img/sharp-linux-arm Completed in 10ms
602 timing reifyNode:node_modules/@img/sharp-libvips-linuxmusl-x64 Completed in 10ms
603 timing reifyNode:node_modules/@img/sharp-libvips-linuxmusl-arm64 Completed in 10ms
604 timing reifyNode:node_modules/@img/sharp-libvips-linux-x64 Completed in 10ms
605 timing reifyNode:node_modules/@img/sharp-libvips-linux-s390x Completed in 10ms
606 timing reifyNode:node_modules/@img/sharp-libvips-linux-arm64 Completed in 10ms
607 timing reifyNode:node_modules/@img/sharp-libvips-linux-arm Completed in 10ms
608 timing reifyNode:node_modules/@img/sharp-libvips-darwin-x64 Completed in 10ms
609 timing reifyNode:node_modules/@img/sharp-libvips-darwin-arm64 Completed in 10ms
610 timing reifyNode:node_modules/@img/sharp-darwin-x64 Completed in 10ms
611 timing reifyNode:node_modules/@img/sharp-darwin-arm64 Completed in 11ms
612 silly tarball no local data for is-number@https://registry.npmjs.org/is-number/-/is-number-7.0.0.tgz. Extracting by manifest.
613 silly tarball no local data for ansi-styles@https://registry.npmjs.org/ansi-styles/-/ansi-styles-6.2.1.tgz. Extracting by manifest.
614 silly tarball no local data for isexe@https://registry.npmjs.org/isexe/-/isexe-2.0.0.tgz. Extracting by manifest.
615 silly tarball no local data for ansi-regex@https://registry.npmjs.org/ansi-regex/-/ansi-regex-6.1.0.tgz. Extracting by manifest.
616 silly tarball no local data for escalade@https://registry.npmjs.org/escalade/-/escalade-3.2.0.tgz. Extracting by manifest.
617 silly tarball no local data for thenify@https://registry.npmjs.org/thenify/-/thenify-3.3.1.tgz. Extracting by manifest.
618 silly tarball no local data for is-fullwidth-code-point@https://registry.npmjs.org/is-fullwidth-code-point/-/is-fullwidth-code-point-3.0.0.tgz. Extracting by manifest.
619 silly tarball no local data for emoji-regex@https://registry.npmjs.org/emoji-regex/-/emoji-regex-9.2.2.tgz. Extracting by manifest.
620 silly tarball no local data for eastasianwidth@https://registry.npmjs.org/eastasianwidth/-/eastasianwidth-0.2.0.tgz. Extracting by manifest.
621 silly tarball no local data for shebang-regex@https://registry.npmjs.org/shebang-regex/-/shebang-regex-3.0.0.tgz. Extracting by manifest.
622 silly tarball no local data for thenify-all@https://registry.npmjs.org/thenify-all/-/thenify-all-1.6.0.tgz. Extracting by manifest.
623 silly tarball no local data for any-promise@https://registry.npmjs.org/any-promise/-/any-promise-1.3.0.tgz. Extracting by manifest.
624 silly tarball no local data for lru-cache@https://registry.npmjs.org/lru-cache/-/lru-cache-10.4.3.tgz. Extracting by manifest.
625 silly tarball no local data for wrap-ansi@https://registry.npmjs.org/wrap-ansi/-/wrap-ansi-8.1.0.tgz. Extracting by manifest.
626 silly tarball no local data for balanced-match@https://registry.npmjs.org/balanced-match/-/balanced-match-1.0.2.tgz. Extracting by manifest.
627 silly tarball no local data for brace-expansion@https://registry.npmjs.org/brace-expansion/-/brace-expansion-2.0.1.tgz. Extracting by manifest.
628 silly tarball no local data for object-assign@https://registry.npmjs.org/object-assign/-/object-assign-4.1.1.tgz. Extracting by manifest.
629 silly tarball no local data for strip-ansi-cjs@https://registry.npmjs.org/strip-ansi/-/strip-ansi-6.0.1.tgz. Extracting by manifest.
630 silly tarball no local data for wrap-ansi-cjs@https://registry.npmjs.org/wrap-ansi/-/wrap-ansi-7.0.0.tgz. Extracting by manifest.
631 silly tarball no local data for @isaacs/cliui@https://registry.npmjs.org/@isaacs/cliui/-/cliui-8.0.2.tgz. Extracting by manifest.
632 silly tarball no local data for strip-ansi@https://registry.npmjs.org/strip-ansi/-/strip-ansi-7.1.0.tgz. Extracting by manifest.
633 silly tarball no local data for string-width@https://registry.npmjs.org/string-width/-/string-width-5.1.2.tgz. Extracting by manifest.
634 silly tarball no local data for @pkgjs/parseargs@https://registry.npmjs.org/@pkgjs/parseargs/-/parseargs-0.11.0.tgz. Extracting by manifest.
635 silly tarball no local data for string-width-cjs@https://registry.npmjs.org/string-width/-/string-width-4.2.3.tgz. Extracting by manifest.
636 silly tarball no local data for signal-exit@https://registry.npmjs.org/signal-exit/-/signal-exit-4.1.0.tgz. Extracting by manifest.
637 silly tarball no local data for path-key@https://registry.npmjs.org/path-key/-/path-key-3.1.1.tgz. Extracting by manifest.
638 silly tarball no local data for shebang-command@https://registry.npmjs.org/shebang-command/-/shebang-command-2.0.0.tgz. Extracting by manifest.
639 silly tarball no local data for which@https://registry.npmjs.org/which/-/which-2.0.2.tgz. Extracting by manifest.
640 silly tarball no local data for path-scurry@https://registry.npmjs.org/path-scurry/-/path-scurry-1.11.1.tgz. Extracting by manifest.
641 silly tarball no local data for minipass@https://registry.npmjs.org/minipass/-/minipass-7.1.2.tgz. Extracting by manifest.
642 silly tarball no local data for package-json-from-dist@https://registry.npmjs.org/package-json-from-dist/-/package-json-from-dist-1.0.1.tgz. Extracting by manifest.
643 silly tarball no local data for @jridgewell/resolve-uri@https://registry.npmjs.org/@jridgewell/resolve-uri/-/resolve-uri-3.1.2.tgz. Extracting by manifest.
644 silly tarball no local data for @jridgewell/set-array@https://registry.npmjs.org/@jridgewell/set-array/-/set-array-1.2.1.tgz. Extracting by manifest.
645 silly tarball no local data for minimatch@https://registry.npmjs.org/minimatch/-/minimatch-9.0.5.tgz. Extracting by manifest.
646 silly tarball no local data for @jridgewell/trace-mapping@https://registry.npmjs.org/@jridgewell/trace-mapping/-/trace-mapping-0.3.25.tgz. Extracting by manifest.
647 silly tarball no local data for foreground-child@https://registry.npmjs.org/foreground-child/-/foreground-child-3.3.0.tgz. Extracting by manifest.
648 silly tarball no local data for @jridgewell/sourcemap-codec@https://registry.npmjs.org/@jridgewell/sourcemap-codec/-/sourcemap-codec-1.5.0.tgz. Extracting by manifest.
649 silly tarball no local data for pirates@https://registry.npmjs.org/pirates/-/pirates-4.0.6.tgz. Extracting by manifest.
650 silly tarball no local data for jackspeak@https://registry.npmjs.org/jackspeak/-/jackspeak-3.4.3.tgz. Extracting by manifest.
651 silly tarball no local data for mz@https://registry.npmjs.org/mz/-/mz-2.7.0.tgz. Extracting by manifest.
652 silly tarball no local data for ts-interface-checker@https://registry.npmjs.org/ts-interface-checker/-/ts-interface-checker-0.1.13.tgz. Extracting by manifest.
653 silly tarball no local data for @jridgewell/gen-mapping@https://registry.npmjs.org/@jridgewell/gen-mapping/-/gen-mapping-0.3.5.tgz. Extracting by manifest.
654 silly tarball no local data for glob@https://registry.npmjs.org/glob/-/glob-10.4.5.tgz. Extracting by manifest.
655 silly tarball no local data for cross-spawn@https://registry.npmjs.org/cross-spawn/-/cross-spawn-7.0.6.tgz. Extracting by manifest.
656 silly tarball no local data for hasown@https://registry.npmjs.org/hasown/-/hasown-2.0.2.tgz. Extracting by manifest.
657 silly tarball no local data for commander@https://registry.npmjs.org/commander/-/commander-4.1.1.tgz. Extracting by manifest.
658 silly tarball no local data for function-bind@https://registry.npmjs.org/function-bind/-/function-bind-1.1.2.tgz. Extracting by manifest.
659 silly tarball no local data for queue-microtask@https://registry.npmjs.org/queue-microtask/-/queue-microtask-1.2.3.tgz. Extracting by manifest.
660 silly tarball no local data for lines-and-columns@https://registry.npmjs.org/lines-and-columns/-/lines-and-columns-1.2.4.tgz. Extracting by manifest.
661 silly tarball no local data for path-parse@https://registry.npmjs.org/path-parse/-/path-parse-1.0.7.tgz. Extracting by manifest.
662 silly tarball no local data for pify@https://registry.npmjs.org/pify/-/pify-2.3.0.tgz. Extracting by manifest.
663 silly tarball no local data for supports-preserve-symlinks-flag@https://registry.npmjs.org/supports-preserve-symlinks-flag/-/supports-preserve-symlinks-flag-1.0.0.tgz. Extracting by manifest.
664 silly tarball no local data for util-deprecate@https://registry.npmjs.org/util-deprecate/-/util-deprecate-1.0.2.tgz. Extracting by manifest.
665 silly tarball no local data for cssesc@https://registry.npmjs.org/cssesc/-/cssesc-3.0.0.tgz. Extracting by manifest.
666 silly tarball no local data for is-core-module@https://registry.npmjs.org/is-core-module/-/is-core-module-2.15.1.tgz. Extracting by manifest.
667 silly tarball no local data for yaml@https://registry.npmjs.org/yaml/-/yaml-2.6.1.tgz. Extracting by manifest.
668 silly tarball no local data for camelcase-css@https://registry.npmjs.org/camelcase-css/-/camelcase-css-2.0.1.tgz. Extracting by manifest.
669 silly tarball no local data for read-cache@https://registry.npmjs.org/read-cache/-/read-cache-1.0.0.tgz. Extracting by manifest.
670 silly tarball no local data for to-regex-range@https://registry.npmjs.org/to-regex-range/-/to-regex-range-5.0.1.tgz. Extracting by manifest.
671 silly tarball no local data for is-extglob@https://registry.npmjs.org/is-extglob/-/is-extglob-2.1.1.tgz. Extracting by manifest.
672 silly tarball no local data for binary-extensions@https://registry.npmjs.org/binary-extensions/-/binary-extensions-2.3.0.tgz. Extracting by manifest.
673 silly tarball no local data for reusify@https://registry.npmjs.org/reusify/-/reusify-1.0.4.tgz. Extracting by manifest.
674 silly tarball no local data for @nodelib/fs.scandir@https://registry.npmjs.org/@nodelib/fs.scandir/-/fs.scandir-2.1.5.tgz. Extracting by manifest.
675 silly tarball no local data for run-parallel@https://registry.npmjs.org/run-parallel/-/run-parallel-1.2.0.tgz. Extracting by manifest.
676 silly tarball no local data for @nodelib/fs.walk@https://registry.npmjs.org/@nodelib/fs.walk/-/fs.walk-1.2.8.tgz. Extracting by manifest.
677 silly tarball no local data for @nodelib/fs.stat@https://registry.npmjs.org/@nodelib/fs.stat/-/fs.stat-2.0.5.tgz. Extracting by manifest.
678 silly tarball no local data for fastq@https://registry.npmjs.org/fastq/-/fastq-1.17.1.tgz. Extracting by manifest.
679 silly tarball no local data for merge2@https://registry.npmjs.org/merge2/-/merge2-1.4.1.tgz. Extracting by manifest.
680 silly tarball no local data for picomatch@https://registry.npmjs.org/picomatch/-/picomatch-2.3.1.tgz. Extracting by manifest.
681 silly tarball no local data for readdirp@https://registry.npmjs.org/readdirp/-/readdirp-3.6.0.tgz. Extracting by manifest.
682 silly tarball no local data for fill-range@https://registry.npmjs.org/fill-range/-/fill-range-7.1.1.tgz. Extracting by manifest.
683 silly tarball no local data for braces@https://registry.npmjs.org/braces/-/braces-3.0.3.tgz. Extracting by manifest.
684 silly tarball no local data for is-binary-path@https://registry.npmjs.org/is-binary-path/-/is-binary-path-2.1.0.tgz. Extracting by manifest.
685 silly tarball no local data for resolve@https://registry.npmjs.org/resolve/-/resolve-1.22.8.tgz. Extracting by manifest.
686 silly tarball no local data for anymatch@https://registry.npmjs.org/anymatch/-/anymatch-3.1.3.tgz. Extracting by manifest.
687 silly tarball no local data for postcss-load-config@https://registry.npmjs.org/postcss-load-config/-/postcss-load-config-4.0.2.tgz. Extracting by manifest.
688 silly tarball no local data for sucrase@https://registry.npmjs.org/sucrase/-/sucrase-3.35.0.tgz. Extracting by manifest.
689 silly tarball no local data for postcss-selector-parser@https://registry.npmjs.org/postcss-selector-parser/-/postcss-selector-parser-6.1.2.tgz. Extracting by manifest.
690 silly tarball no local data for postcss-import@https://registry.npmjs.org/postcss-import/-/postcss-import-15.1.0.tgz. Extracting by manifest.
691 silly tarball no local data for postcss-nested@https://registry.npmjs.org/postcss-nested/-/postcss-nested-6.2.0.tgz. Extracting by manifest.
692 silly tarball no local data for postcss-js@https://registry.npmjs.org/postcss-js/-/postcss-js-4.0.1.tgz. Extracting by manifest.
693 silly tarball no local data for object-hash@https://registry.npmjs.org/object-hash/-/object-hash-3.0.0.tgz. Extracting by manifest.
694 silly tarball no local data for normalize-path@https://registry.npmjs.org/normalize-path/-/normalize-path-3.0.0.tgz. Extracting by manifest.
695 silly tarball no local data for is-glob@https://registry.npmjs.org/is-glob/-/is-glob-4.0.3.tgz. Extracting by manifest.
696 silly tarball no local data for jiti@https://registry.npmjs.org/jiti/-/jiti-1.21.6.tgz. Extracting by manifest.
697 silly tarball no local data for micromatch@https://registry.npmjs.org/micromatch/-/micromatch-4.0.8.tgz. Extracting by manifest.
698 silly tarball no local data for lilconfig@https://registry.npmjs.org/lilconfig/-/lilconfig-2.1.0.tgz. Extracting by manifest.
699 silly tarball no local data for didyoumean@https://registry.npmjs.org/didyoumean/-/didyoumean-1.2.2.tgz. Extracting by manifest.
700 silly tarball no local data for glob-parent@https://registry.npmjs.org/glob-parent/-/glob-parent-6.0.2.tgz. Extracting by manifest.
701 silly tarball no local data for fast-glob@https://registry.npmjs.org/fast-glob/-/fast-glob-3.3.2.tgz. Extracting by manifest.
702 silly tarball no local data for @alloc/quick-lru@https://registry.npmjs.org/@alloc/quick-lru/-/quick-lru-5.2.0.tgz. Extracting by manifest.
703 silly tarball no local data for chokidar@https://registry.npmjs.org/chokidar/-/chokidar-3.6.0.tgz. Extracting by manifest.
704 silly tarball no local data for dlv@https://registry.npmjs.org/dlv/-/dlv-1.1.3.tgz. Extracting by manifest.
705 silly tarball no local data for arg@https://registry.npmjs.org/arg/-/arg-5.0.2.tgz. Extracting by manifest.
706 silly tarball no local data for update-browserslist-db@https://registry.npmjs.org/update-browserslist-db/-/update-browserslist-db-1.1.1.tgz. Extracting by manifest.
707 silly tarball no local data for electron-to-chromium@https://registry.npmjs.org/electron-to-chromium/-/electron-to-chromium-1.5.64.tgz. Extracting by manifest.
708 silly tarball no local data for node-releases@https://registry.npmjs.org/node-releases/-/node-releases-2.0.18.tgz. Extracting by manifest.
709 silly tarball no local data for postcss-value-parser@https://registry.npmjs.org/postcss-value-parser/-/postcss-value-parser-4.2.0.tgz. Extracting by manifest.
710 silly tarball no local data for browserslist@https://registry.npmjs.org/browserslist/-/browserslist-4.24.2.tgz. Extracting by manifest.
711 silly tarball no local data for fraction.js@https://registry.npmjs.org/fraction.js/-/fraction.js-4.3.7.tgz. Extracting by manifest.
712 silly tarball no local data for normalize-range@https://registry.npmjs.org/normalize-range/-/normalize-range-0.1.2.tgz. Extracting by manifest.
713 silly tarball no local data for ansi-regex@https://registry.npmjs.org/ansi-regex/-/ansi-regex-5.0.1.tgz. Extracting by manifest.
714 silly tarball no local data for emoji-regex@https://registry.npmjs.org/emoji-regex/-/emoji-regex-8.0.0.tgz. Extracting by manifest.
715 silly tarball no local data for @emnapi/runtime@https://registry.npmjs.org/@emnapi/runtime/-/runtime-1.3.1.tgz. Extracting by manifest.
716 silly tarball no local data for ansi-regex@https://registry.npmjs.org/ansi-regex/-/ansi-regex-5.0.1.tgz. Extracting by manifest.
717 silly tarball no local data for ansi-styles@https://registry.npmjs.org/ansi-styles/-/ansi-styles-4.3.0.tgz. Extracting by manifest.
718 silly tarball no local data for strip-ansi@https://registry.npmjs.org/strip-ansi/-/strip-ansi-6.0.1.tgz. Extracting by manifest.
719 silly tarball no local data for ansi-regex@https://registry.npmjs.org/ansi-regex/-/ansi-regex-5.0.1.tgz. Extracting by manifest.
720 silly tarball no local data for emoji-regex@https://registry.npmjs.org/emoji-regex/-/emoji-regex-8.0.0.tgz. Extracting by manifest.
721 silly tarball no local data for lilconfig@https://registry.npmjs.org/lilconfig/-/lilconfig-3.1.2.tgz. Extracting by manifest.
722 silly tarball no local data for glob-parent@https://registry.npmjs.org/glob-parent/-/glob-parent-5.1.2.tgz. Extracting by manifest.
723 silly tarball no local data for glob-parent@https://registry.npmjs.org/glob-parent/-/glob-parent-5.1.2.tgz. Extracting by manifest.
724 silly tarball no local data for postcss@https://registry.npmjs.org/postcss/-/postcss-8.4.31.tgz. Extracting by manifest.
725 silly tarball no local data for tailwindcss@https://registry.npmjs.org/tailwindcss/-/tailwindcss-3.4.15.tgz. Extracting by manifest.
726 silly tarball no local data for string-width@https://registry.npmjs.org/string-width/-/string-width-4.2.3.tgz. Extracting by manifest.
727 silly tarball no local data for strip-ansi@https://registry.npmjs.org/strip-ansi/-/strip-ansi-6.0.1.tgz. Extracting by manifest.
728 silly tarball no local data for autoprefixer@https://registry.npmjs.org/autoprefixer/-/autoprefixer-10.4.20.tgz. Extracting by manifest.
729 silly tarball no local data for postcss@https://registry.npmjs.org/postcss/-/postcss-8.4.49.tgz. Extracting by manifest.
730 http fetch GET 200 https://registry.npmjs.org/ansi-regex/-/ansi-regex-6.1.0.tgz 222ms (cache miss)
731 http fetch GET 200 https://registry.npmjs.org/escalade/-/escalade-3.2.0.tgz 221ms (cache miss)
732 http fetch GET 200 https://registry.npmjs.org/shebang-regex/-/shebang-regex-3.0.0.tgz 268ms (cache miss)
733 http fetch GET 200 https://registry.npmjs.org/eastasianwidth/-/eastasianwidth-0.2.0.tgz 269ms (cache miss)
734 timing reifyNode:node_modules/eastasianwidth Completed in 298ms
735 http fetch GET 200 https://registry.npmjs.org/is-number/-/is-number-7.0.0.tgz 370ms (cache miss)
736 timing reifyNode:node_modules/is-number Completed in 397ms
737 http fetch GET 200 https://registry.npmjs.org/isexe/-/isexe-2.0.0.tgz 370ms (cache miss)
738 http fetch GET 200 https://registry.npmjs.org/is-fullwidth-code-point/-/is-fullwidth-code-point-3.0.0.tgz 398ms (cache miss)
739 http fetch GET 200 https://registry.npmjs.org/thenify/-/thenify-3.3.1.tgz 398ms (cache miss)
740 http fetch GET 200 https://registry.npmjs.org/ansi-styles/-/ansi-styles-6.2.1.tgz 422ms (cache miss)
741 http fetch GET 200 https://registry.npmjs.org/emoji-regex/-/emoji-regex-9.2.2.tgz 436ms (cache miss)
742 http fetch POST 200 https://registry.npmjs.org/-/npm/v1/security/advisories/bulk 468ms
743 timing auditReport:getReport Completed in 470ms
744 silly audit report {}
745 timing auditReport:init Completed in 0ms
746 timing reify:audit Completed in 470ms
747 timing reifyNode:node_modules/shebang-regex Completed in 474ms
748 timing reifyNode:node_modules/is-fullwidth-code-point Completed in 475ms
749 timing reifyNode:node_modules/ansi-regex Completed in 477ms
750 timing reifyNode:node_modules/thenify Completed in 483ms
751 timing reifyNode:node_modules/ansi-styles Completed in 483ms
752 timing reifyNode:node_modules/isexe Completed in 551ms
753 http fetch GET 200 https://registry.npmjs.org/strip-ansi/-/strip-ansi-6.0.1.tgz 518ms (cache miss)
754 http fetch GET 200 https://registry.npmjs.org/strip-ansi/-/strip-ansi-7.1.0.tgz 523ms (cache miss)
755 http fetch GET 200 https://registry.npmjs.org/shebang-command/-/shebang-command-2.0.0.tgz 535ms (cache miss)
756 timing reifyNode:node_modules/shebang-command Completed in 569ms
757 timing reifyNode:node_modules/strip-ansi-cjs Completed in 573ms
758 http fetch GET 200 https://registry.npmjs.org/thenify-all/-/thenify-all-1.6.0.tgz 545ms (cache miss)
759 http fetch GET 200 https://registry.npmjs.org/queue-microtask/-/queue-microtask-1.2.3.tgz 536ms (cache miss)
760 timing reifyNode:node_modules/strip-ansi Completed in 583ms
761 http fetch GET 200 https://registry.npmjs.org/path-key/-/path-key-3.1.1.tgz 549ms (cache miss)
762 http fetch GET 200 https://registry.npmjs.org/string-width/-/string-width-4.2.3.tgz 550ms (cache miss)
763 http fetch GET 200 https://registry.npmjs.org/pirates/-/pirates-4.0.6.tgz 549ms (cache miss)
764 http fetch GET 200 https://registry.npmjs.org/lines-and-columns/-/lines-and-columns-1.2.4.tgz 547ms (cache miss)
765 http fetch GET 200 https://registry.npmjs.org/wrap-ansi/-/wrap-ansi-7.0.0.tgz 554ms (cache miss)
766 timing reifyNode:node_modules/wrap-ansi-cjs Completed in 587ms
767 http fetch GET 200 https://registry.npmjs.org/read-cache/-/read-cache-1.0.0.tgz 553ms (cache miss)
768 timing reifyNode:node_modules/read-cache Completed in 593ms
769 timing reifyNode:node_modules/path-key Completed in 596ms
770 timing reifyNode:node_modules/string-width-cjs Completed in 598ms
771 timing reifyNode:node_modules/thenify-all Completed in 598ms
772 http fetch GET 200 https://registry.npmjs.org/is-extglob/-/is-extglob-2.1.1.tgz 556ms (cache miss)
773 timing reifyNode:node_modules/is-extglob Completed in 597ms
774 timing reifyNode:node_modules/queue-microtask Completed in 598ms
775 timing reifyNode:node_modules/pirates Completed in 601ms
776 timing reifyNode:node_modules/lines-and-columns Completed in 601ms
777 http fetch GET 200 https://registry.npmjs.org/camelcase-css/-/camelcase-css-2.0.1.tgz 562ms (cache miss)
778 http fetch GET 200 https://registry.npmjs.org/merge2/-/merge2-1.4.1.tgz 559ms (cache miss)
779 timing reifyNode:node_modules/merge2 Completed in 601ms
780 http fetch GET 200 https://registry.npmjs.org/which/-/which-2.0.2.tgz 578ms (cache miss)
781 timing reifyNode:node_modules/camelcase-css Completed in 613ms
782 timing reifyNode:node_modules/which Completed in 624ms
783 http fetch GET 200 https://registry.npmjs.org/cssesc/-/cssesc-3.0.0.tgz 587ms (cache miss)
784 timing reifyNode:node_modules/escalade Completed in 634ms
785 timing reifyNode:node_modules/cssesc Completed in 633ms
786 http fetch GET 200 https://registry.npmjs.org/anymatch/-/anymatch-3.1.3.tgz 597ms (cache miss)
787 http fetch GET 200 https://registry.npmjs.org/@isaacs/cliui/-/cliui-8.0.2.tgz 626ms (cache miss)
788 timing reifyNode:node_modules/anymatch Completed in 658ms
789 http fetch GET 200 https://registry.npmjs.org/is-glob/-/is-glob-4.0.3.tgz 622ms (cache miss)
790 timing reifyNode:node_modules/is-glob Completed in 667ms
791 timing reifyNode:node_modules/@isaacs/cliui Completed in 684ms
792 http fetch GET 200 https://registry.npmjs.org/strip-ansi/-/strip-ansi-6.0.1.tgz 634ms (cache miss)
793 http fetch GET 200 https://registry.npmjs.org/ansi-regex/-/ansi-regex-5.0.1.tgz 639ms (cache miss)
794 http fetch GET 200 https://registry.npmjs.org/@jridgewell/set-array/-/set-array-1.2.1.tgz 660ms (cache miss)
795 http fetch GET 200 https://registry.npmjs.org/normalize-path/-/normalize-path-3.0.0.tgz 651ms (cache miss)
796 http fetch GET 200 https://registry.npmjs.org/string-width/-/string-width-4.2.3.tgz 646ms (cache miss)
797 http fetch GET 200 https://registry.npmjs.org/didyoumean/-/didyoumean-1.2.2.tgz 651ms (cache miss)
798 http fetch GET 200 https://registry.npmjs.org/ansi-regex/-/ansi-regex-5.0.1.tgz 652ms (cache miss)
799 http fetch GET 200 https://registry.npmjs.org/cross-spawn/-/cross-spawn-7.0.6.tgz 666ms (cache miss)
800 timing reifyNode:node_modules/string-width-cjs/node_modules/strip-ansi Completed in 705ms
801 timing reifyNode:node_modules/normalize-path Completed in 707ms
802 timing reifyNode:node_modules/wrap-ansi-cjs/node_modules/ansi-regex Completed in 711ms
803 http fetch GET 200 https://registry.npmjs.org/glob-parent/-/glob-parent-5.1.2.tgz 661ms (cache miss)
804 timing reifyNode:node_modules/wrap-ansi-cjs/node_modules/string-width Completed in 712ms
805 timing reifyNode:node_modules/string-width-cjs/node_modules/ansi-regex Completed in 712ms
806 timing reifyNode:node_modules/@jridgewell/set-array Completed in 718ms
807 timing reifyNode:node_modules/cross-spawn Completed in 720ms
808 timing reifyNode:node_modules/chokidar/node_modules/glob-parent Completed in 720ms
809 timing reifyNode:node_modules/didyoumean Completed in 720ms
810 http fetch GET 200 https://registry.npmjs.org/glob-parent/-/glob-parent-5.1.2.tgz 681ms (cache miss)
811 timing reifyNode:node_modules/fast-glob/node_modules/glob-parent Completed in 730ms
812 http fetch GET 200 https://registry.npmjs.org/supports-preserve-symlinks-flag/-/supports-preserve-symlinks-flag-1.0.0.tgz 695ms (cache miss)
813 http fetch GET 200 https://registry.npmjs.org/mz/-/mz-2.7.0.tgz 703ms (cache miss)
814 http fetch GET 200 https://registry.npmjs.org/postcss-nested/-/postcss-nested-6.2.0.tgz 701ms (cache miss)
815 http fetch GET 200 https://registry.npmjs.org/update-browserslist-db/-/update-browserslist-db-1.1.1.tgz 700ms (cache miss)
816 http fetch GET 200 https://registry.npmjs.org/lilconfig/-/lilconfig-2.1.0.tgz 707ms (cache miss)
817 timing reifyNode:node_modules/supports-preserve-symlinks-flag Completed in 754ms
818 http fetch GET 200 https://registry.npmjs.org/node-releases/-/node-releases-2.0.18.tgz 714ms (cache miss)
819 timing reifyNode:node_modules/mz Completed in 763ms
820 timing reifyNode:node_modules/postcss-nested Completed in 762ms
821 http fetch GET 200 https://registry.npmjs.org/util-deprecate/-/util-deprecate-1.0.2.tgz 734ms (cache miss)
822 timing reifyNode:node_modules/update-browserslist-db Completed in 773ms
823 http fetch GET 200 https://registry.npmjs.org/strip-ansi/-/strip-ansi-6.0.1.tgz 723ms (cache miss)
824 timing reifyNode:node_modules/lilconfig Completed in 777ms
825 http fetch GET 200 https://registry.npmjs.org/ansi-regex/-/ansi-regex-5.0.1.tgz 731ms (cache miss)
826 http fetch GET 200 https://registry.npmjs.org/arg/-/arg-5.0.2.tgz 737ms (cache miss)
827 timing reifyNode:node_modules/arg Completed in 783ms
828 timing reifyNode:node_modules/node-releases Completed in 783ms
829 http fetch GET 200 https://registry.npmjs.org/normalize-range/-/normalize-range-0.1.2.tgz 737ms (cache miss)
830 timing reifyNode:node_modules/normalize-range Completed in 785ms
831 timing reifyNode:node_modules/util-deprecate Completed in 788ms
832 timing reifyNode:node_modules/emoji-regex Completed in 790ms
833 http fetch GET 200 https://registry.npmjs.org/@jridgewell/resolve-uri/-/resolve-uri-3.1.2.tgz 755ms (cache miss)
834 timing reifyNode:node_modules/@jridgewell/resolve-uri Completed in 790ms
835 timing reifyNode:node_modules/wrap-ansi-cjs/node_modules/strip-ansi Completed in 791ms
836 http fetch GET 200 https://registry.npmjs.org/is-binary-path/-/is-binary-path-2.1.0.tgz 747ms (cache miss)
837 http fetch GET 200 https://registry.npmjs.org/object-hash/-/object-hash-3.0.0.tgz 748ms (cache miss)
838 timing reifyNode:node_modules/object-hash Completed in 793ms
839 timing reifyNode:node_modules/strip-ansi-cjs/node_modules/ansi-regex Completed in 796ms
840 http fetch GET 200 https://registry.npmjs.org/dlv/-/dlv-1.1.3.tgz 752ms (cache miss)
841 http fetch GET 200 https://registry.npmjs.org/is-core-module/-/is-core-module-2.15.1.tgz 767ms (cache miss)
842 timing reifyNode:node_modules/is-core-module Completed in 807ms
843 timing reifyNode:node_modules/is-binary-path Completed in 807ms
844 http fetch GET 200 https://registry.npmjs.org/lilconfig/-/lilconfig-3.1.2.tgz 764ms (cache miss)
845 timing reifyNode:node_modules/postcss-load-config/node_modules/lilconfig Completed in 813ms
846 timing reifyNode:node_modules/dlv Completed in 816ms
847 http fetch GET 200 https://registry.npmjs.org/path-parse/-/path-parse-1.0.7.tgz 790ms (cache miss)
848 timing reifyNode:node_modules/path-parse Completed in 832ms
849 http fetch GET 200 https://registry.npmjs.org/@alloc/quick-lru/-/quick-lru-5.2.0.tgz 788ms (cache miss)
850 http fetch GET 200 https://registry.npmjs.org/pify/-/pify-2.3.0.tgz 796ms (cache miss)
851 http fetch GET 200 https://registry.npmjs.org/package-json-from-dist/-/package-json-from-dist-1.0.1.tgz 801ms (cache miss)
852 http fetch GET 200 https://registry.npmjs.org/string-width/-/string-width-5.1.2.tgz 809ms (cache miss)
853 timing reifyNode:node_modules/pify Completed in 844ms
854 timing reifyNode:node_modules/@alloc/quick-lru Completed in 848ms
855 http fetch GET 200 https://registry.npmjs.org/reusify/-/reusify-1.0.4.tgz 807ms (cache miss)
856 timing reifyNode:node_modules/package-json-from-dist Completed in 850ms
857 http fetch GET 200 https://registry.npmjs.org/fill-range/-/fill-range-7.1.1.tgz 807ms (cache miss)
858 timing reifyNode:node_modules/fill-range Completed in 850ms
859 http fetch GET 200 https://registry.npmjs.org/balanced-match/-/balanced-match-1.0.2.tgz 823ms (cache miss)
860 http fetch GET 200 https://registry.npmjs.org/object-assign/-/object-assign-4.1.1.tgz 827ms (cache miss)
861 timing reifyNode:node_modules/object-assign Completed in 860ms
862 timing reifyNode:node_modules/string-width Completed in 860ms
863 http fetch GET 200 https://registry.npmjs.org/postcss-value-parser/-/postcss-value-parser-4.2.0.tgz 815ms (cache miss)
864 timing reifyNode:node_modules/postcss-value-parser Completed in 862ms
865 timing reifyNode:node_modules/reusify Completed in 867ms
866 timing reifyNode:node_modules/balanced-match Completed in 868ms
867 http fetch GET 200 https://registry.npmjs.org/glob-parent/-/glob-parent-6.0.2.tgz 822ms (cache miss)
868 timing reifyNode:node_modules/glob-parent Completed in 868ms
869 http fetch GET 200 https://registry.npmjs.org/postcss-load-config/-/postcss-load-config-4.0.2.tgz 828ms (cache miss)
870 timing reifyNode:node_modules/postcss-load-config Completed in 871ms
871 http fetch GET 200 https://registry.npmjs.org/function-bind/-/function-bind-1.1.2.tgz 835ms (cache miss)
872 timing reifyNode:node_modules/function-bind Completed in 882ms
873 http fetch GET 200 https://registry.npmjs.org/brace-expansion/-/brace-expansion-2.0.1.tgz 852ms (cache miss)
874 timing reifyNode:node_modules/brace-expansion Completed in 884ms
875 http fetch GET 200 https://registry.npmjs.org/micromatch/-/micromatch-4.0.8.tgz 841ms (cache miss)
876 timing reifyNode:node_modules/micromatch Completed in 886ms
877 http fetch GET 200 https://registry.npmjs.org/picomatch/-/picomatch-2.3.1.tgz 844ms (cache miss)
878 timing reifyNode:node_modules/picomatch Completed in 886ms
879 http fetch GET 200 https://registry.npmjs.org/postcss-js/-/postcss-js-4.0.1.tgz 843ms (cache miss)
880 http fetch GET 200 https://registry.npmjs.org/postcss-import/-/postcss-import-15.1.0.tgz 846ms (cache miss)
881 timing reifyNode:node_modules/postcss-import Completed in 890ms
882 http fetch GET 200 https://registry.npmjs.org/binary-extensions/-/binary-extensions-2.3.0.tgz 853ms (cache miss)
883 timing reifyNode:node_modules/postcss-js Completed in 897ms
884 http fetch GET 200 https://registry.npmjs.org/emoji-regex/-/emoji-regex-8.0.0.tgz 850ms (cache miss)
885 timing reifyNode:node_modules/wrap-ansi-cjs/node_modules/emoji-regex Completed in 900ms
886 timing reifyNode:node_modules/binary-extensions Completed in 904ms
887 http fetch GET 200 https://registry.npmjs.org/run-parallel/-/run-parallel-1.2.0.tgz 867ms (cache miss)
888 timing reifyNode:node_modules/run-parallel Completed in 909ms
889 http fetch GET 200 https://registry.npmjs.org/wrap-ansi/-/wrap-ansi-8.1.0.tgz 885ms (cache miss)
890 timing reifyNode:node_modules/wrap-ansi Completed in 915ms
891 http fetch GET 200 https://registry.npmjs.org/readdirp/-/readdirp-3.6.0.tgz 873ms (cache miss)
892 timing reifyNode:node_modules/readdirp Completed in 915ms
893 http fetch GET 200 https://registry.npmjs.org/ts-interface-checker/-/ts-interface-checker-0.1.13.tgz 882ms (cache miss)
894 timing reifyNode:node_modules/ts-interface-checker Completed in 920ms
895 http fetch GET 200 https://registry.npmjs.org/fraction.js/-/fraction.js-4.3.7.tgz 873ms (cache miss)
896 timing reifyNode:node_modules/fraction.js Completed in 920ms
897 http fetch GET 200 https://registry.npmjs.org/ansi-styles/-/ansi-styles-4.3.0.tgz 880ms (cache miss)
898 timing reifyNode:node_modules/wrap-ansi-cjs/node_modules/ansi-styles Completed in 931ms
899 http fetch GET 200 https://registry.npmjs.org/hasown/-/hasown-2.0.2.tgz 894ms (cache miss)
900 http fetch GET 200 https://registry.npmjs.org/to-regex-range/-/to-regex-range-5.0.1.tgz 894ms (cache miss)
901 timing reifyNode:node_modules/to-regex-range Completed in 934ms
902 http fetch GET 200 https://registry.npmjs.org/@nodelib/fs.stat/-/fs.stat-2.0.5.tgz 893ms (cache miss)
903 timing reifyNode:node_modules/hasown Completed in 940ms
904 http fetch GET 200 https://registry.npmjs.org/electron-to-chromium/-/electron-to-chromium-1.5.64.tgz 893ms (cache miss)
905 timing reifyNode:node_modules/electron-to-chromium Completed in 940ms
906 timing reifyNode:node_modules/@nodelib/fs.stat Completed in 943ms
907 http fetch GET 200 https://registry.npmjs.org/@jridgewell/gen-mapping/-/gen-mapping-0.3.5.tgz 914ms (cache miss)
908 http fetch GET 200 https://registry.npmjs.org/emoji-regex/-/emoji-regex-8.0.0.tgz 902ms (cache miss)
909 timing reifyNode:node_modules/string-width-cjs/node_modules/emoji-regex Completed in 953ms
910 http fetch GET 200 https://registry.npmjs.org/browserslist/-/browserslist-4.24.2.tgz 908ms (cache miss)
911 timing reifyNode:node_modules/browserslist Completed in 954ms
912 timing reifyNode:node_modules/@jridgewell/gen-mapping Completed in 959ms
913 http fetch GET 200 https://registry.npmjs.org/@jridgewell/sourcemap-codec/-/sourcemap-codec-1.5.0.tgz 927ms (cache miss)
914 http fetch GET 200 https://registry.npmjs.org/commander/-/commander-4.1.1.tgz 927ms (cache miss)
915 timing reifyNode:node_modules/commander Completed in 965ms
916 http fetch GET 200 https://registry.npmjs.org/@pkgjs/parseargs/-/parseargs-0.11.0.tgz 933ms (cache miss)
917 timing reifyNode:node_modules/@pkgjs/parseargs Completed in 967ms
918 timing reifyNode:node_modules/@jridgewell/sourcemap-codec Completed in 970ms
919 http fetch GET 200 https://registry.npmjs.org/@jridgewell/trace-mapping/-/trace-mapping-0.3.25.tgz 958ms (cache miss)
920 http fetch GET 200 https://registry.npmjs.org/braces/-/braces-3.0.3.tgz 949ms (cache miss)
921 timing reifyNode:node_modules/braces Completed in 992ms
922 timing reifyNode:node_modules/@jridgewell/trace-mapping Completed in 996ms
923 http fetch GET 200 https://registry.npmjs.org/fastq/-/fastq-1.17.1.tgz 954ms (cache miss)
924 timing reifyNode:node_modules/fastq Completed in 1000ms
925 http fetch GET 200 https://registry.npmjs.org/jackspeak/-/jackspeak-3.4.3.tgz 969ms (cache miss)
926 http fetch GET 200 https://registry.npmjs.org/signal-exit/-/signal-exit-4.1.0.tgz 975ms (cache miss)
927 timing reifyNode:node_modules/jackspeak Completed in 1009ms
928 timing reifyNode:node_modules/signal-exit Completed in 1011ms
929 http fetch GET 200 https://registry.npmjs.org/@nodelib/fs.scandir/-/fs.scandir-2.1.5.tgz 969ms (cache miss)
930 timing reifyNode:node_modules/@nodelib/fs.scandir Completed in 1012ms
931 http fetch GET 200 https://registry.npmjs.org/@nodelib/fs.walk/-/fs.walk-1.2.8.tgz 975ms (cache miss)
932 timing reifyNode:node_modules/@nodelib/fs.walk Completed in 1021ms
933 http fetch GET 200 https://registry.npmjs.org/@emnapi/runtime/-/runtime-1.3.1.tgz 987ms (cache miss)
934 timing reifyNode:node_modules/@emnapi/runtime Completed in 1034ms
935 http fetch GET 200 https://registry.npmjs.org/foreground-child/-/foreground-child-3.3.0.tgz 1008ms (cache miss)
936 timing reifyNode:node_modules/foreground-child Completed in 1046ms
937 http fetch GET 200 https://registry.npmjs.org/any-promise/-/any-promise-1.3.0.tgz 1038ms (cache miss)
938 http fetch GET 200 https://registry.npmjs.org/lru-cache/-/lru-cache-10.4.3.tgz 1040ms (cache miss)
939 timing reifyNode:node_modules/lru-cache Completed in 1070ms
940 timing reifyNode:node_modules/any-promise Completed in 1070ms
941 http fetch GET 200 https://registry.npmjs.org/postcss-selector-parser/-/postcss-selector-parser-6.1.2.tgz 1045ms (cache miss)
942 timing reifyNode:node_modules/postcss-selector-parser Completed in 1089ms
943 http fetch GET 200 https://registry.npmjs.org/minipass/-/minipass-7.1.2.tgz 1096ms (cache miss)
944 timing reifyNode:node_modules/minipass Completed in 1130ms
945 http fetch GET 200 https://registry.npmjs.org/jiti/-/jiti-1.21.6.tgz 1099ms (cache miss)
946 timing reifyNode:node_modules/jiti Completed in 1146ms
947 http fetch GET 200 https://registry.npmjs.org/path-scurry/-/path-scurry-1.11.1.tgz 1123ms (cache miss)
948 timing reifyNode:node_modules/path-scurry Completed in 1157ms
949 http fetch GET 200 https://registry.npmjs.org/chokidar/-/chokidar-3.6.0.tgz 1118ms (cache miss)
950 timing reifyNode:node_modules/chokidar Completed in 1164ms
951 http fetch GET 200 https://registry.npmjs.org/minimatch/-/minimatch-9.0.5.tgz 1135ms (cache miss)
952 timing reifyNode:node_modules/minimatch Completed in 1173ms
953 http fetch GET 200 https://registry.npmjs.org/fast-glob/-/fast-glob-3.3.2.tgz 1127ms (cache miss)
954 timing reifyNode:node_modules/fast-glob Completed in 1176ms
955 http fetch GET 200 https://registry.npmjs.org/postcss/-/postcss-8.4.31.tgz 1138ms (cache miss)
956 timing reifyNode:node_modules/next/node_modules/postcss Completed in 1190ms
957 http fetch GET 200 https://registry.npmjs.org/postcss/-/postcss-8.4.49.tgz 1159ms (cache miss)
958 timing reifyNode:node_modules/postcss Completed in 1213ms
959 http fetch GET 200 https://registry.npmjs.org/glob/-/glob-10.4.5.tgz 1193ms (cache miss)
960 timing reifyNode:node_modules/glob Completed in 1231ms
961 http fetch GET 200 https://registry.npmjs.org/autoprefixer/-/autoprefixer-10.4.20.tgz 1201ms (cache miss)
962 timing reifyNode:node_modules/autoprefixer Completed in 1251ms
963 http fetch GET 200 https://registry.npmjs.org/resolve/-/resolve-1.22.8.tgz 1248ms (cache miss)
964 timing reifyNode:node_modules/resolve Completed in 1292ms
965 http fetch GET 200 https://registry.npmjs.org/sucrase/-/sucrase-3.35.0.tgz 1378ms (cache miss)
966 timing reifyNode:node_modules/sucrase Completed in 1422ms
967 http fetch GET 200 https://registry.npmjs.org/yaml/-/yaml-2.6.1.tgz 1402ms (cache miss)
968 timing reifyNode:node_modules/yaml Completed in 1442ms
969 http fetch GET 200 https://registry.npmjs.org/tailwindcss/-/tailwindcss-3.4.15.tgz 1426ms (cache miss)
970 timing reifyNode:node_modules/tailwindcss Completed in 1476ms
971 timing reify:unpack Completed in 1480ms
972 timing reify:unretire Completed in 0ms
973 timing build:queue Completed in 3ms
974 timing build:link:node_modules/autoprefixer Completed in 16ms
975 timing build:link:node_modules/cssesc Completed in 15ms
976 timing build:link:node_modules/glob Completed in 15ms
977 timing build:link:node_modules/resolve Completed in 15ms
978 timing build:link:node_modules/browserslist Completed in 15ms
979 timing build:link:node_modules/jiti Completed in 15ms
980 timing build:link:node_modules/tailwindcss Completed in 14ms
981 timing build:link:node_modules/which Completed in 14ms
982 timing build:link:node_modules/sucrase Completed in 15ms
983 timing build:link:node_modules/yaml Completed in 14ms
984 timing build:link:node_modules/update-browserslist-db Completed in 15ms
985 timing build:link Completed in 17ms
986 timing build:run:install Completed in 0ms
987 timing build:deps Completed in 21ms
988 timing build Completed in 21ms
989 timing reify:build Completed in 21ms
990 timing reify:trash Completed in 10ms
991 timing reify:save Completed in 37ms
992 timing reify Completed in 7765ms
993 silly ADD node_modules/ansi-styles
994 silly ADD node_modules/isexe
995 silly ADD node_modules/escalade
996 silly ADD node_modules/is-number
997 silly ADD node_modules/thenify
998 silly ADD node_modules/ansi-regex
999 silly ADD node_modules/is-fullwidth-code-point
1000 silly ADD node_modules/emoji-regex
1001 silly ADD node_modules/eastasianwidth
1002 silly ADD node_modules/shebang-regex
1003 silly ADD node_modules/lru-cache
1004 silly ADD node_modules/thenify-all
1005 silly ADD node_modules/object-assign
1006 silly ADD node_modules/any-promise
1007 silly ADD node_modules/balanced-match
1008 silly ADD node_modules/brace-expansion
1009 silly ADD node_modules/wrap-ansi-cjs
1010 silly ADD node_modules/wrap-ansi-cjs/node_modules/ansi-regex
1011 silly ADD node_modules/wrap-ansi-cjs/node_modules/emoji-regex
1012 silly ADD node_modules/wrap-ansi-cjs/node_modules/strip-ansi
1013 silly ADD node_modules/wrap-ansi-cjs/node_modules/string-width
1014 silly ADD node_modules/wrap-ansi-cjs/node_modules/ansi-styles
1015 silly ADD node_modules/wrap-ansi
1016 silly ADD node_modules/strip-ansi-cjs
1017 silly ADD node_modules/strip-ansi-cjs/node_modules/ansi-regex
1018 silly ADD node_modules/strip-ansi
1019 silly ADD node_modules/string-width-cjs
1020 silly ADD node_modules/string-width-cjs/node_modules/ansi-regex
1021 silly ADD node_modules/string-width-cjs/node_modules/strip-ansi
1022 silly ADD node_modules/string-width-cjs/node_modules/emoji-regex
1023 silly ADD node_modules/string-width
1024 silly ADD node_modules/@pkgjs/parseargs
1025 silly ADD node_modules/@isaacs/cliui
1026 silly ADD node_modules/which
1027 silly ADD node_modules/shebang-command
1028 silly ADD node_modules/path-key
1029 silly ADD node_modules/signal-exit
1030 silly ADD node_modules/cross-spawn
1031 silly ADD node_modules/path-scurry
1032 silly ADD node_modules/package-json-from-dist
1033 silly ADD node_modules/minipass
1034 silly ADD node_modules/minimatch
1035 silly ADD node_modules/jackspeak
1036 silly ADD node_modules/foreground-child
1037 silly ADD node_modules/@jridgewell/resolve-uri
1038 silly ADD node_modules/@jridgewell/trace-mapping
1039 silly ADD node_modules/@jridgewell/sourcemap-codec
1040 silly ADD node_modules/@jridgewell/set-array
1041 silly ADD node_modules/ts-interface-checker
1042 silly ADD node_modules/pirates
1043 silly ADD node_modules/mz
1044 silly ADD node_modules/lines-and-columns
1045 silly ADD node_modules/glob
1046 silly ADD node_modules/commander
1047 silly ADD node_modules/@jridgewell/gen-mapping
1048 silly ADD node_modules/queue-microtask
1049 silly ADD node_modules/function-bind
1050 silly ADD node_modules/hasown
1051 silly ADD node_modules/supports-preserve-symlinks-flag
1052 silly ADD node_modules/path-parse
1053 silly ADD node_modules/is-core-module
1054 silly ADD node_modules/pify
1055 silly ADD node_modules/util-deprecate
1056 silly ADD node_modules/cssesc
1057 silly ADD node_modules/yaml
1058 silly ADD node_modules/camelcase-css
1059 silly ADD node_modules/read-cache
1060 silly ADD node_modules/is-extglob
1061 silly ADD node_modules/binary-extensions
1062 silly ADD node_modules/to-regex-range
1063 silly ADD node_modules/reusify
1064 silly ADD node_modules/run-parallel
1065 silly ADD node_modules/fastq
1066 silly ADD node_modules/@nodelib/fs.scandir
1067 silly ADD node_modules/merge2
1068 silly ADD node_modules/@nodelib/fs.walk
1069 silly ADD node_modules/@nodelib/fs.stat
1070 silly ADD node_modules/fill-range
1071 silly ADD node_modules/picomatch
1072 silly ADD node_modules/readdirp
1073 silly ADD node_modules/is-binary-path
1074 silly ADD
1075 silly ADD node_modules/braces
1076 silly ADD node_modules/anymatch
1077 silly ADD node_modules/sucrase
1078 silly ADD node_modules/resolve
1079 silly ADD node_modules/postcss-selector-parser
1080 silly ADD node_modules/postcss-nested
1081 silly ADD node_modules/postcss-load-config
1082 silly ADD node_modules/postcss-load-config/node_modules/lilconfig
1083 silly ADD node_modules/postcss-js
1084 silly ADD node_modules/postcss-import
1085 silly ADD node_modules/object-hash
1086 silly ADD node_modules/normalize-path
1087 silly ADD node_modules/micromatch
1088 silly ADD node_modules/lilconfig
1089 silly ADD node_modules/jiti
1090 silly ADD node_modules/is-glob
1091 silly ADD node_modules/glob-parent
1092 silly ADD node_modules/fast-glob
1093 silly ADD node_modules/fast-glob/node_modules/glob-parent
1094 silly ADD node_modules/dlv
1095 silly ADD node_modules/didyoumean
1096 silly ADD node_modules/chokidar
1097 silly ADD node_modules/chokidar/node_modules/glob-parent
1098 silly ADD node_modules/arg
1099 silly ADD node_modules/@alloc/quick-lru
1100 silly ADD node_modules/update-browserslist-db
1101 silly ADD node_modules/node-releases
1102 silly ADD node_modules/electron-to-chromium
1103 silly ADD node_modules/postcss-value-parser
1104 silly ADD node_modules/normalize-range
1105 silly ADD node_modules/fraction.js
1106 silly ADD node_modules/browserslist
1107 silly ADD node_modules/tailwindcss
1108 silly ADD node_modules/autoprefixer
1109 silly ADD
1110 silly ADD
1111 silly ADD
1112 silly ADD
1113 silly ADD
1114 silly ADD
1115 silly ADD
1116 silly ADD
1117 silly ADD
1118 silly ADD
1119 silly ADD
1120 silly ADD
1121 silly ADD
1122 silly ADD
1123 silly ADD
1124 silly ADD
1125 silly ADD
1126 silly ADD
1127 silly ADD
1128 silly ADD
1129 silly ADD
1130 silly ADD
1131 silly ADD
1132 silly ADD
1133 silly ADD
1134 silly ADD
1135 silly CHANGE node_modules/postcss
1136 silly ADD node_modules/next/node_modules/postcss
1137 timing command:install Completed in 7772ms
1138 verbose exit 0
1139 timing npm Completed in 8006ms
1140 info ok
