0 verbose cli C:\Program Files\nodejs\node.exe C:\Program Files\nodejs\node_modules\npm\bin\npm-cli.js
1 info using npm@10.5.0
2 info using node@v21.7.1
3 timing npm:load:whichnode Completed in 2ms
4 timing config:load:defaults Completed in 1ms
5 timing config:load:file:C:\Program Files\nodejs\node_modules\npm\npmrc Completed in 3ms
6 timing config:load:builtin Completed in 3ms
7 timing config:load:cli Completed in 2ms
8 timing config:load:env Completed in 0ms
9 timing config:load:file:C:\fhannan\cms\ygwebfe\my-ygweb\.npmrc Completed in 0ms
10 timing config:load:project Completed in 2ms
11 timing config:load:file:C:\Users\fayeq\.npmrc Completed in 1ms
12 timing config:load:user Completed in 1ms
13 timing config:load:file:C:\Users\fayeq\AppData\Roaming\npm\etc\npmrc Completed in 1ms
14 timing config:load:global Completed in 1ms
15 timing config:load:setEnvs Completed in 0ms
16 timing config:load Completed in 11ms
17 timing npm:load:configload Completed in 11ms
18 timing config:load:flatten Completed in 2ms
19 timing npm:load:mkdirpcache Completed in 0ms
20 timing npm:load:mkdirplogs Completed in 1ms
21 verbose title npm exec shadcn@latest init
22 verbose argv "exec" "--" "shadcn@latest" "init"
23 timing npm:load:setTitle Completed in 0ms
24 timing npm:load:display Completed in 1ms
25 verbose logfile logs-max:10 dir:C:\fhannan\cms\ygwebfe\my-ygweb\UsersfayeqAppDataLocalnpm-cache\_logs\2024-11-23T06_33_23_953Z-
26 verbose logfile C:\fhannan\cms\ygwebfe\my-ygweb\UsersfayeqAppDataLocalnpm-cache\_logs\2024-11-23T06_33_23_953Z-debug-0.log
27 timing npm:load:logFile Completed in 10ms
28 timing npm:load:timers Completed in 0ms
29 timing npm:load:configScope Completed in 0ms
30 timing npm:load Completed in 42ms
31 silly logfile done cleaning log files
32 timing arborist:ctor Completed in 0ms
33 timing arborist:ctor Completed in 0ms
34 http fetch GET 200 https://registry.npmjs.org/shadcn 198ms (cache miss)
35 timing arborist:ctor Completed in 0ms
36 timing command:exec Completed in 228ms
37 verbose stack Error: ENOENT: no such file or directory, lstat 'C:\fhannan\cms\ygwebfe\my-ygweb\UsersfayeqAppDataRoamingnpm'
37 verbose stack     at async lstat (node:internal/fs/promises:1018:18)
37 verbose stack     at async #loadActual (C:\Program Files\nodejs\node_modules\npm\node_modules\@npmcli\arborist\lib\arborist\load-actual.js:112:20)
37 verbose stack     at async exec (C:\Program Files\nodejs\node_modules\npm\node_modules\libnpmexec\lib\index.js:193:26)
37 verbose stack     at async module.exports (C:\Program Files\nodejs\node_modules\npm\lib\cli-entry.js:61:5)
38 verbose cwd C:\fhannan\cms\ygwebfe\my-ygweb
39 verbose Windows_NT 10.0.22631
40 verbose node v21.7.1
41 verbose npm  v10.5.0
42 error code ENOENT
43 error syscall lstat
44 error path C:\fhannan\cms\ygwebfe\my-ygweb\UsersfayeqAppDataRoamingnpm
45 error errno -4058
46 error enoent ENOENT: no such file or directory, lstat 'C:\fhannan\cms\ygwebfe\my-ygweb\UsersfayeqAppDataRoamingnpm'
47 error enoent This is related to npm not being able to find a file.
47 error enoent
48 verbose exit -4058
49 timing npm Completed in 479ms
50 verbose code -4058
51 error A complete log of this run can be found in: C:\fhannan\cms\ygwebfe\my-ygweb\UsersfayeqAppDataLocalnpm-cache\_logs\2024-11-23T06_33_23_953Z-debug-0.log
